Using pre-set license
Built from '2022.3/release' branch; Version is '2022.3.5f1 (9674261d40ee) revision 9860134'; Using compiler version '192829333'; Build Type 'Release'
OS: 'Windows 11  (10.0.26100) 64bit CoreSingleLanguage' Language: 'es' Physical Memory: 32621 MB
BatchMode: 1, IsHumanControllingUs: 0, StartBugReporterOnCrash: 0, Is64bit: 1, IsPro: 1

COMMAND LINE ARGUMENTS:
C:\Program Files\Unity\Hub\Editor\2022.3.5f1\Editor\Unity.exe
-adb2
-batchMode
-noUpm
-name
AssetImportWorker5
-projectPath
C:/Users/Usuario/Documents/GitHub/Lost-Gamble
-logFile
Logs/AssetImportWorker5.log
-srvPort
52913
Successfully changed project path to: C:/Users/Usuario/Documents/GitHub/Lost-Gamble
C:/Users/Usuario/Documents/GitHub/Lost-Gamble
[UnityMemory] Configuration Parameters - Can be set up in boot.config
    "memorysetup-bucket-allocator-granularity=16"
    "memorysetup-bucket-allocator-bucket-count=8"
    "memorysetup-bucket-allocator-block-size=33554432"
    "memorysetup-bucket-allocator-block-count=8"
    "memorysetup-main-allocator-block-size=16777216"
    "memorysetup-thread-allocator-block-size=16777216"
    "memorysetup-gfx-main-allocator-block-size=16777216"
    "memorysetup-gfx-thread-allocator-block-size=16777216"
    "memorysetup-cache-allocator-block-size=4194304"
    "memorysetup-typetree-allocator-block-size=2097152"
    "memorysetup-profiler-bucket-allocator-granularity=16"
    "memorysetup-profiler-bucket-allocator-bucket-count=8"
    "memorysetup-profiler-bucket-allocator-block-size=33554432"
    "memorysetup-profiler-bucket-allocator-block-count=8"
    "memorysetup-profiler-allocator-block-size=16777216"
    "memorysetup-profiler-editor-allocator-block-size=1048576"
    "memorysetup-temp-allocator-size-main=16777216"
    "memorysetup-job-temp-allocator-block-size=2097152"
    "memorysetup-job-temp-allocator-block-size-background=1048576"
    "memorysetup-job-temp-allocator-reduction-small-platforms=262144"
    "memorysetup-allocator-temp-initial-block-size-main=262144"
    "memorysetup-allocator-temp-initial-block-size-worker=262144"
    "memorysetup-temp-allocator-size-background-worker=32768"
    "memorysetup-temp-allocator-size-job-worker=262144"
    "memorysetup-temp-allocator-size-preload-manager=33554432"
    "memorysetup-temp-allocator-size-nav-mesh-worker=65536"
    "memorysetup-temp-allocator-size-audio-worker=65536"
    "memorysetup-temp-allocator-size-cloud-worker=32768"
    "memorysetup-temp-allocator-size-gi-baking-worker=262144"
    "memorysetup-temp-allocator-size-gfx=262144"
Player connection [7752] Host "[IP] 192.168.0.12 [Port] 0 [Flags] 2 [Guid] 3761729814 [EditorId] 3761729814 [Version] 1048832 [Id] WindowsEditor(7,DESKTOP-OS6ER4E) [Debug] 1 [PackageName] WindowsEditor [ProjectName] Editor" joined multi-casting on [225.0.0.222:54997]...

Player connection [7752] Host "[IP] 192.168.0.12 [Port] 0 [Flags] 2 [Guid] 3761729814 [EditorId] 3761729814 [Version] 1048832 [Id] WindowsEditor(7,DESKTOP-OS6ER4E) [Debug] 1 [PackageName] WindowsEditor [ProjectName] Editor" joined alternative multi-casting on [225.0.0.222:34997]...

Refreshing native plugins compatible for Editor in 5.05 ms, found 3 plugins.
Preloading 0 native plugins for Editor in 0.00 ms.
Initialize engine version: 2022.3.5f1 (9674261d40ee)
[Subsystems] Discovering subsystems at path C:/Program Files/Unity/Hub/Editor/2022.3.5f1/Editor/Data/Resources/UnitySubsystems
[Subsystems] Discovering subsystems at path C:/Users/Usuario/Documents/GitHub/Lost-Gamble/Assets
GfxDevice: creating device client; threaded=0; jobified=0
Direct3D:
    Version:  Direct3D 11.0 [level 11.1]
    Renderer: AMD Radeon RX 6800 XT (ID=0x73bf)
    Vendor:   ATI
    VRAM:     16311 MB
    Driver:   32.0.13031.3015
Initialize mono
Mono path[0] = 'C:/Program Files/Unity/Hub/Editor/2022.3.5f1/Editor/Data/Managed'
Mono path[1] = 'C:/Program Files/Unity/Hub/Editor/2022.3.5f1/Editor/Data/MonoBleedingEdge/lib/mono/unityjit-win32'
Mono config path = 'C:/Program Files/Unity/Hub/Editor/2022.3.5f1/Editor/Data/MonoBleedingEdge/etc'
Using monoOptions --debugger-agent=transport=dt_socket,embedding=1,server=y,suspend=n,address=127.0.0.1:56700
Begin MonoManager ReloadAssembly
Registering precompiled unity dll's ...
Register platform support module: C:/Program Files/Unity/Hub/Editor/2022.3.5f1/Editor/Data/PlaybackEngines/AndroidPlayer/UnityEditor.Android.Extensions.dll
Register platform support module: C:/Program Files/Unity/Hub/Editor/2022.3.5f1/Editor/Data/PlaybackEngines/WindowsStandaloneSupport/UnityEditor.WindowsStandalone.Extensions.dll
Registered in 0.004982 seconds.
- Loaded All Assemblies, in  0.284 seconds
Native extension for WindowsStandalone target not found
Native extension for Android target not found
Android Extension - Scanning For ADB Devices 219 ms
Mono: successfully reloaded assembly
- Finished resetting the current domain, in  0.500 seconds
Domain Reload Profiling: 784ms
	BeginReloadAssembly (72ms)
		ExecutionOrderSort (0ms)
		DisableScriptedObjects (0ms)
		BackupInstance (0ms)
		ReleaseScriptingObjects (0ms)
		CreateAndSetChildDomain (1ms)
	RebuildCommonClasses (30ms)
	RebuildNativeTypeToScriptingClass (9ms)
	initialDomainReloadingComplete (49ms)
	LoadAllAssembliesAndSetupDomain (123ms)
		LoadAssemblies (71ms)
		RebuildTransferFunctionScriptingTraits (0ms)
		AnalyzeDomain (119ms)
			TypeCache.Refresh (118ms)
				TypeCache.ScanAssembly (109ms)
			ScanForSourceGeneratedMonoScriptInfo (0ms)
			ResolveRequiredComponents (1ms)
	FinalizeReload (501ms)
		ReleaseScriptCaches (0ms)
		RebuildScriptCaches (0ms)
		SetupLoadedEditorAssemblies (449ms)
			LogAssemblyErrors (0ms)
			InitializePlatformSupportModulesInManaged (317ms)
			SetLoadedEditorAssemblies (3ms)
			RefreshPlugins (0ms)
			BeforeProcessingInitializeOnLoad (2ms)
			ProcessInitializeOnLoadAttributes (86ms)
			ProcessInitializeOnLoadMethodAttributes (42ms)
			AfterProcessingInitializeOnLoad (0ms)
			EditorAssembliesLoaded (0ms)
		ExecutionOrderSort2 (0ms)
		AwakeInstancesAfterBackupRestoration (0ms)
========================================================================
Worker process is ready to serve import requests
Begin MonoManager ReloadAssembly
Symbol file LoadedFromMemory doesn't match image C:\Users\Usuario\Documents\GitHub\Lost-Gamble\Library\PackageCache\com.unity.visualscripting@1.8.0\Editor\VisualScripting.Core\Dependencies\YamlDotNet\Unity.VisualScripting.YamlDotNet.dll
Symbol file LoadedFromMemory doesn't match image C:\Users\Usuario\Documents\GitHub\Lost-Gamble\Library\PackageCache\com.unity.visualscripting@1.8.0\Editor\VisualScripting.Core\Dependencies\DotNetZip\Unity.VisualScripting.IonicZip.dll
- Loaded All Assemblies, in  0.559 seconds
Refreshing native plugins compatible for Editor in 3.32 ms, found 3 plugins.
Native extension for WindowsStandalone target not found
Native extension for Android target not found
Mono: successfully reloaded assembly
- Finished resetting the current domain, in  0.383 seconds
Domain Reload Profiling: 941ms
	BeginReloadAssembly (112ms)
		ExecutionOrderSort (0ms)
		DisableScriptedObjects (5ms)
		BackupInstance (0ms)
		ReleaseScriptingObjects (0ms)
		CreateAndSetChildDomain (19ms)
	RebuildCommonClasses (28ms)
	RebuildNativeTypeToScriptingClass (8ms)
	initialDomainReloadingComplete (40ms)
	LoadAllAssembliesAndSetupDomain (369ms)
		LoadAssemblies (216ms)
		RebuildTransferFunctionScriptingTraits (0ms)
		AnalyzeDomain (209ms)
			TypeCache.Refresh (193ms)
				TypeCache.ScanAssembly (184ms)
			ScanForSourceGeneratedMonoScriptInfo (12ms)
			ResolveRequiredComponents (4ms)
	FinalizeReload (384ms)
		ReleaseScriptCaches (0ms)
		RebuildScriptCaches (0ms)
		SetupLoadedEditorAssemblies (273ms)
			LogAssemblyErrors (0ms)
			InitializePlatformSupportModulesInManaged (16ms)
			SetLoadedEditorAssemblies (2ms)
			RefreshPlugins (0ms)
			BeforeProcessingInitializeOnLoad (39ms)
			ProcessInitializeOnLoadAttributes (196ms)
			ProcessInitializeOnLoadMethodAttributes (15ms)
			AfterProcessingInitializeOnLoad (4ms)
			EditorAssembliesLoaded (0ms)
		ExecutionOrderSort2 (0ms)
		AwakeInstancesAfterBackupRestoration (5ms)
Launched and connected shader compiler UnityShaderCompiler.exe after 0.03 seconds
Refreshing native plugins compatible for Editor in 1.71 ms, found 3 plugins.
Preloading 0 native plugins for Editor in 0.00 ms.
Unloading 3699 Unused Serialized files (Serialized files now loaded: 0)
Unloading 51 unused Assets / (1.3 MB). Loaded Objects now: 4155.
Memory consumption went from 158.5 MB to 157.2 MB.
Total: 2.780900 ms (FindLiveObjects: 0.191200 ms CreateObjectMapping: 0.090400 ms MarkObjects: 2.236900 ms  DeleteObjects: 0.261400 ms)

AssetImportParameters requested are different than current active one (requested -> active):
  custom:container-demuxer-ogg: 62fdf1f143b41e24485cea50d1cbac27 -> 
  custom:video-codec-MediaFoundation-h265: 746d11721c4dcdbdad8f713fa42b33f4 -> 
  custom:video-decoder-ogg-theora: a1e56fd34408186e4bbccfd4996cb3dc -> 
  custom:framework-win-MediaFoundation: 216162199b28c13a410421893ffa2e32 -> 
  custom:CustomObjectIndexerAttribute: 756ad292c208cfabdd7b50bc23989ffe -> 
  custom:container-demuxer-webm: 4f35f7cbe854078d1ac9338744f61a02 -> 
  custom:container-muxer-webm: aa71ff27fc2769a1b78a27578f13a17b -> 
  custom:video-decoder-webm-vp8: 9c59270c3fd7afecdb556c50c9e8de78 -> 
  custom:AudioImporter_EditorPlatform: d09bf68614088b80899f8185d706f6e7 -> 
  custom:video-encoder-webm-vp8: eb34c28f22e8b96e1ab97ce403110664 -> 
  custom:audio-decoder-ogg-vorbis: bf7c407c2cedff20999df2af8eb42d56 -> 
  custom:audio-encoder-webm-vorbis: bf7c407c2cedff20999df2af8eb42d56 -> 
========================================================================
Received Import Request.
  Time since last request: 1030011.381234 seconds.
  path: Assets/Scripts/Player/Objetos nuevos/icono del Kamikaze.png
  artifactKey: Guid(706e06e642880a4499158b062f0983f1) Importer(815301076,1909f56bfc062723c751e8b465ee728b)
Start importing Assets/Scripts/Player/Objetos nuevos/icono del Kamikaze.png using Guid(706e06e642880a4499158b062f0983f1) Importer(815301076,1909f56bfc062723c751e8b465ee728b)  -> (artifact id: '0e0d6c654531e31126937fb06611dcd0') in 0.073756 seconds
Number of updated asset objects reloaded before import = 0
Number of asset objects unloaded after import = 3
========================================================================
Received Import Request.
  Time since last request: 0.000028 seconds.
  path: Assets/Ruleta/Diseño/Animacion/Animacion Ruleta juego (final)/seleccion rojo/1/Armature_seleccionrojo_02.png
  artifactKey: Guid(558574b93f68fdb428e89214d87c0a88) Importer(815301076,1909f56bfc062723c751e8b465ee728b)
Start importing Assets/Ruleta/Diseño/Animacion/Animacion Ruleta juego (final)/seleccion rojo/1/Armature_seleccionrojo_02.png using Guid(558574b93f68fdb428e89214d87c0a88) Importer(815301076,1909f56bfc062723c751e8b465ee728b)  -> (artifact id: '91598b0cc9168489d6557818ba98ff9b') in 0.023474 seconds
Number of updated asset objects reloaded before import = 0
Number of asset objects unloaded after import = 3
========================================================================
Received Import Request.
  Time since last request: 0.000014 seconds.
  path: Assets/Tricks/Whisky/V.Dado/Armature_lanzardado_21.png
  artifactKey: Guid(835777dae4a81fe4fa6e28096a64113a) Importer(815301076,1909f56bfc062723c751e8b465ee728b)
Start importing Assets/Tricks/Whisky/V.Dado/Armature_lanzardado_21.png using Guid(835777dae4a81fe4fa6e28096a64113a) Importer(815301076,1909f56bfc062723c751e8b465ee728b)  -> (artifact id: 'f651f445ac6648ff167b8228d269c5f8') in 0.023247 seconds
Number of updated asset objects reloaded before import = 0
Number of asset objects unloaded after import = 3
========================================================================
Received Import Request.
  Time since last request: 0.000017 seconds.
  path: Assets/Dialogo/StrangerDialogo/9PPTDialogo.png
  artifactKey: Guid(060942a341623c54d861e34cd9e58d1c) Importer(815301076,1909f56bfc062723c751e8b465ee728b)
Start importing Assets/Dialogo/StrangerDialogo/9PPTDialogo.png using Guid(060942a341623c54d861e34cd9e58d1c) Importer(815301076,1909f56bfc062723c751e8b465ee728b)  -> (artifact id: '5f1da31316e95e1caf7dfd7c4f23aa60') in 0.021664 seconds
Number of updated asset objects reloaded before import = 0
Number of asset objects unloaded after import = 3
========================================================================
Received Import Request.
  Time since last request: 0.000016 seconds.
  path: Assets/Ruleta/Diseño/Animacion/Animacion Ruleta juego (final)/seleccion rojo(trucado)/4/Armature_seleccionrojo_02.png
  artifactKey: Guid(8f1c099812437734885ee6e6f23b0fb8) Importer(815301076,1909f56bfc062723c751e8b465ee728b)
Start importing Assets/Ruleta/Diseño/Animacion/Animacion Ruleta juego (final)/seleccion rojo(trucado)/4/Armature_seleccionrojo_02.png using Guid(8f1c099812437734885ee6e6f23b0fb8) Importer(815301076,1909f56bfc062723c751e8b465ee728b)  -> (artifact id: 'f2a66189775541b7b60d7f6e7a6489ba') in 0.025142 seconds
Number of updated asset objects reloaded before import = 0
Number of asset objects unloaded after import = 3
========================================================================
Received Import Request.
  Time since last request: 0.000024 seconds.
  path: Assets/Tricks/Whisky/Armature_Wiskey_33.png
  artifactKey: Guid(401358d2034dfc0479b35ff7e388eabb) Importer(815301076,1909f56bfc062723c751e8b465ee728b)
Start importing Assets/Tricks/Whisky/Armature_Wiskey_33.png using Guid(401358d2034dfc0479b35ff7e388eabb) Importer(815301076,1909f56bfc062723c751e8b465ee728b)  -> (artifact id: '6b275b6f0c69aa795fda245f393d7f2d') in 0.022004 seconds
Number of updated asset objects reloaded before import = 0
Number of asset objects unloaded after import = 3
========================================================================
Received Import Request.
  Time since last request: 0.000201 seconds.
  path: Assets/Tricks/Whisky/V.Dado/Armature_lanzardado_18.png
  artifactKey: Guid(eb2c66670270413419b5e4d5fb7affe0) Importer(815301076,1909f56bfc062723c751e8b465ee728b)
Start importing Assets/Tricks/Whisky/V.Dado/Armature_lanzardado_18.png using Guid(eb2c66670270413419b5e4d5fb7affe0) Importer(815301076,1909f56bfc062723c751e8b465ee728b)  -> (artifact id: 'f72f8b9bdf9bcf7be29546f3e80ad912') in 0.020895 seconds
Number of updated asset objects reloaded before import = 0
Number of asset objects unloaded after import = 3
========================================================================
Received Import Request.
  Time since last request: 0.000015 seconds.
  path: Assets/Ruleta/Diseño/Animacion/Animacion Ruleta juego (final)/seleccion negro/6/Armature_seleccionNegro_00.png
  artifactKey: Guid(0a69e7b9e98af3a4f9a044d9e403c745) Importer(815301076,1909f56bfc062723c751e8b465ee728b)
Start importing Assets/Ruleta/Diseño/Animacion/Animacion Ruleta juego (final)/seleccion negro/6/Armature_seleccionNegro_00.png using Guid(0a69e7b9e98af3a4f9a044d9e403c745) Importer(815301076,1909f56bfc062723c751e8b465ee728b)  -> (artifact id: '9cb5c79775f773a38f78b4a6d3eb1da3') in 0.023218 seconds
Number of updated asset objects reloaded before import = 0
Number of asset objects unloaded after import = 3
========================================================================
Received Import Request.
  Time since last request: 0.000014 seconds.
  path: Assets/Turnos/PPTturno/Final de Turno.png
  artifactKey: Guid(f918b497d947d2e46bbe6663c242bcd4) Importer(815301076,1909f56bfc062723c751e8b465ee728b)
Start importing Assets/Turnos/PPTturno/Final de Turno.png using Guid(f918b497d947d2e46bbe6663c242bcd4) Importer(815301076,1909f56bfc062723c751e8b465ee728b)  -> (artifact id: '932a48e7806eef94fddf6d289b53dee1') in 0.022075 seconds
Number of updated asset objects reloaded before import = 0
Number of asset objects unloaded after import = 3
========================================================================
Received Import Request.
  Time since last request: 0.000015 seconds.
  path: Assets/Ruleta/Diseño/Animacion/Animacion Ruleta juego (final)/seleccion rojo(trucado)/5/Armature_seleccionrojo_24.png
  artifactKey: Guid(c4f70694feea315468c2287fff22cddb) Importer(815301076,1909f56bfc062723c751e8b465ee728b)
Start importing Assets/Ruleta/Diseño/Animacion/Animacion Ruleta juego (final)/seleccion rojo(trucado)/5/Armature_seleccionrojo_24.png using Guid(c4f70694feea315468c2287fff22cddb) Importer(815301076,1909f56bfc062723c751e8b465ee728b)  -> (artifact id: '20b4812824b4680b11967c0bedc1a4c9') in 0.023013 seconds
Number of updated asset objects reloaded before import = 0
Number of asset objects unloaded after import = 3
========================================================================
Received Import Request.
  Time since last request: 0.000017 seconds.
  path: Assets/Images/Carta Joker.jpg
  artifactKey: Guid(b9739ea8f73065e4e8646a2e75b010f8) Importer(815301076,1909f56bfc062723c751e8b465ee728b)
Start importing Assets/Images/Carta Joker.jpg using Guid(b9739ea8f73065e4e8646a2e75b010f8) Importer(815301076,1909f56bfc062723c751e8b465ee728b)  -> (artifact id: '996b607b412ea3de68c919f814c4fb2a') in 0.022643 seconds
Number of updated asset objects reloaded before import = 0
Number of asset objects unloaded after import = 3
========================================================================
Received Import Request.
  Time since last request: 0.000018 seconds.
  path: Assets/Ruleta/Diseño/Animacion/Animacion Ruleta juego (final)/seleccion negro/7/Armature_seleccionNegro_00.png
  artifactKey: Guid(ab8fd43ac481ecd4eb152c76dfd14193) Importer(815301076,1909f56bfc062723c751e8b465ee728b)
Start importing Assets/Ruleta/Diseño/Animacion/Animacion Ruleta juego (final)/seleccion negro/7/Armature_seleccionNegro_00.png using Guid(ab8fd43ac481ecd4eb152c76dfd14193) Importer(815301076,1909f56bfc062723c751e8b465ee728b)  -> (artifact id: '2cb7badc490965aa7229e4108f475ce9') in 0.021290 seconds
Number of updated asset objects reloaded before import = 0
Number of asset objects unloaded after import = 3
========================================================================
Received Import Request.
  Time since last request: 0.000020 seconds.
  path: Assets/Tricks/X2/Armature_animtion0_20.png
  artifactKey: Guid(555a371bc4cb8ec448f67f5b0e9ac535) Importer(815301076,1909f56bfc062723c751e8b465ee728b)
Start importing Assets/Tricks/X2/Armature_animtion0_20.png using Guid(555a371bc4cb8ec448f67f5b0e9ac535) Importer(815301076,1909f56bfc062723c751e8b465ee728b)  -> (artifact id: 'b49df816dcac5dc143bc656fb7a44059') in 0.022506 seconds
Number of updated asset objects reloaded before import = 0
Number of asset objects unloaded after import = 3
========================================================================
Received Import Request.
  Time since last request: 0.000016 seconds.
  path: Assets/Materials/ADG_Textures/Foam Textures/foam2/foam2_Height.tga
  artifactKey: Guid(8ec57ef8a81cd9f4298efc64c74cc9b2) Importer(815301076,1909f56bfc062723c751e8b465ee728b)
Start importing Assets/Materials/ADG_Textures/Foam Textures/foam2/foam2_Height.tga using Guid(8ec57ef8a81cd9f4298efc64c74cc9b2) Importer(815301076,1909f56bfc062723c751e8b465ee728b)  -> (artifact id: '942ea31b39c82b12ec2c19f2623ec9f1') in 0.020238 seconds
Number of updated asset objects reloaded before import = 0
Number of asset objects unloaded after import = 2
========================================================================
Received Import Request.
  Time since last request: 0.000018 seconds.
  path: Assets/Ruleta/Diseño/Animacion/Animacion Ruleta juego (final)/seleccion negro(trucado)/fallo2/Armature_seleccionNegro_00.png
  artifactKey: Guid(d7847635e78fc0a4f9ac8864a41fa9f1) Importer(815301076,1909f56bfc062723c751e8b465ee728b)
Start importing Assets/Ruleta/Diseño/Animacion/Animacion Ruleta juego (final)/seleccion negro(trucado)/fallo2/Armature_seleccionNegro_00.png using Guid(d7847635e78fc0a4f9ac8864a41fa9f1) Importer(815301076,1909f56bfc062723c751e8b465ee728b)  -> (artifact id: 'fbf2ce1230113c117e4de59c59241845') in 0.024421 seconds
Number of updated asset objects reloaded before import = 0
Number of asset objects unloaded after import = 3
========================================================================
Received Import Request.
  Time since last request: 0.000063 seconds.
  path: Assets/Tricks/Whisky/V.Dado/Armature_lanzardado_16.png
  artifactKey: Guid(6e8d9eb65f0fca54b989b1fa7af6d9db) Importer(815301076,1909f56bfc062723c751e8b465ee728b)
Start importing Assets/Tricks/Whisky/V.Dado/Armature_lanzardado_16.png using Guid(6e8d9eb65f0fca54b989b1fa7af6d9db) Importer(815301076,1909f56bfc062723c751e8b465ee728b)  -> (artifact id: 'cbb0c76b3dc88ef3709214cc46119442') in 0.023047 seconds
Number of updated asset objects reloaded before import = 0
Number of asset objects unloaded after import = 3
========================================================================
Received Import Request.
  Time since last request: 0.000031 seconds.
  path: Assets/Ruleta/Diseño/Animacion/Animacion Ruleta juego (final)/seleccion rojo(trucado)/fallo3/Armature_seleccionrojo_24.png
  artifactKey: Guid(d22827d9bbdf1b74bb838b5731dc3612) Importer(815301076,1909f56bfc062723c751e8b465ee728b)
Start importing Assets/Ruleta/Diseño/Animacion/Animacion Ruleta juego (final)/seleccion rojo(trucado)/fallo3/Armature_seleccionrojo_24.png using Guid(d22827d9bbdf1b74bb838b5731dc3612) Importer(815301076,1909f56bfc062723c751e8b465ee728b)  -> (artifact id: 'ca4cbf151dbc56662c3f6c0f05836a54') in 0.021104 seconds
Number of updated asset objects reloaded before import = 0
Number of asset objects unloaded after import = 3
