Using pre-set license
Built from '2022.3/release' branch; Version is '2022.3.5f1 (9674261d40ee) revision 9860134'; Using compiler version '192829333'; Build Type 'Release'
OS: 'Windows 11  (10.0.26100) 64bit CoreSingleLanguage' Language: 'es' Physical Memory: 32621 MB
BatchMode: 1, IsHumanControllingUs: 0, StartBugReporterOnCrash: 0, Is64bit: 1, IsPro: 1

COMMAND LINE ARGUMENTS:
C:\Program Files\Unity\Hub\Editor\2022.3.5f1\Editor\Unity.exe
-adb2
-batchMode
-noUpm
-name
AssetImportWorker6
-projectPath
C:/Users/Usuario/Documents/GitHub/Lost-Gamble
-logFile
Logs/AssetImportWorker6.log
-srvPort
52913
Successfully changed project path to: C:/Users/Usuario/Documents/GitHub/Lost-Gamble
C:/Users/Usuario/Documents/GitHub/Lost-Gamble
[UnityMemory] Configuration Parameters - Can be set up in boot.config
    "memorysetup-bucket-allocator-granularity=16"
    "memorysetup-bucket-allocator-bucket-count=8"
    "memorysetup-bucket-allocator-block-size=33554432"
    "memorysetup-bucket-allocator-block-count=8"
    "memorysetup-main-allocator-block-size=16777216"
    "memorysetup-thread-allocator-block-size=16777216"
    "memorysetup-gfx-main-allocator-block-size=16777216"
    "memorysetup-gfx-thread-allocator-block-size=16777216"
    "memorysetup-cache-allocator-block-size=4194304"
    "memorysetup-typetree-allocator-block-size=2097152"
    "memorysetup-profiler-bucket-allocator-granularity=16"
    "memorysetup-profiler-bucket-allocator-bucket-count=8"
    "memorysetup-profiler-bucket-allocator-block-size=33554432"
    "memorysetup-profiler-bucket-allocator-block-count=8"
    "memorysetup-profiler-allocator-block-size=16777216"
    "memorysetup-profiler-editor-allocator-block-size=1048576"
    "memorysetup-temp-allocator-size-main=16777216"
    "memorysetup-job-temp-allocator-block-size=2097152"
    "memorysetup-job-temp-allocator-block-size-background=1048576"
    "memorysetup-job-temp-allocator-reduction-small-platforms=262144"
    "memorysetup-allocator-temp-initial-block-size-main=262144"
    "memorysetup-allocator-temp-initial-block-size-worker=262144"
    "memorysetup-temp-allocator-size-background-worker=32768"
    "memorysetup-temp-allocator-size-job-worker=262144"
    "memorysetup-temp-allocator-size-preload-manager=33554432"
    "memorysetup-temp-allocator-size-nav-mesh-worker=65536"
    "memorysetup-temp-allocator-size-audio-worker=65536"
    "memorysetup-temp-allocator-size-cloud-worker=32768"
    "memorysetup-temp-allocator-size-gi-baking-worker=262144"
    "memorysetup-temp-allocator-size-gfx=262144"
Player connection [7736] Host "[IP] 192.168.0.12 [Port] 0 [Flags] 2 [Guid] 3942503590 [EditorId] 3942503590 [Version] 1048832 [Id] WindowsEditor(7,DESKTOP-OS6ER4E) [Debug] 1 [PackageName] WindowsEditor [ProjectName] Editor" joined multi-casting on [225.0.0.222:54997]...

Player connection [7736] Host "[IP] 192.168.0.12 [Port] 0 [Flags] 2 [Guid] 3942503590 [EditorId] 3942503590 [Version] 1048832 [Id] WindowsEditor(7,DESKTOP-OS6ER4E) [Debug] 1 [PackageName] WindowsEditor [ProjectName] Editor" joined alternative multi-casting on [225.0.0.222:34997]...

Refreshing native plugins compatible for Editor in 7.05 ms, found 3 plugins.
Preloading 0 native plugins for Editor in 0.00 ms.
Initialize engine version: 2022.3.5f1 (9674261d40ee)
[Subsystems] Discovering subsystems at path C:/Program Files/Unity/Hub/Editor/2022.3.5f1/Editor/Data/Resources/UnitySubsystems
[Subsystems] Discovering subsystems at path C:/Users/Usuario/Documents/GitHub/Lost-Gamble/Assets
GfxDevice: creating device client; threaded=0; jobified=0
Direct3D:
    Version:  Direct3D 11.0 [level 11.1]
    Renderer: AMD Radeon RX 6800 XT (ID=0x73bf)
    Vendor:   ATI
    VRAM:     16311 MB
    Driver:   32.0.13031.3015
Initialize mono
Mono path[0] = 'C:/Program Files/Unity/Hub/Editor/2022.3.5f1/Editor/Data/Managed'
Mono path[1] = 'C:/Program Files/Unity/Hub/Editor/2022.3.5f1/Editor/Data/MonoBleedingEdge/lib/mono/unityjit-win32'
Mono config path = 'C:/Program Files/Unity/Hub/Editor/2022.3.5f1/Editor/Data/MonoBleedingEdge/etc'
Using monoOptions --debugger-agent=transport=dt_socket,embedding=1,server=y,suspend=n,address=127.0.0.1:56412
Begin MonoManager ReloadAssembly
Registering precompiled unity dll's ...
Register platform support module: C:/Program Files/Unity/Hub/Editor/2022.3.5f1/Editor/Data/PlaybackEngines/AndroidPlayer/UnityEditor.Android.Extensions.dll
Register platform support module: C:/Program Files/Unity/Hub/Editor/2022.3.5f1/Editor/Data/PlaybackEngines/WindowsStandaloneSupport/UnityEditor.WindowsStandalone.Extensions.dll
Registered in 0.005477 seconds.
- Loaded All Assemblies, in  0.285 seconds
Native extension for WindowsStandalone target not found
Native extension for Android target not found
Android Extension - Scanning For ADB Devices 219 ms
Mono: successfully reloaded assembly
- Finished resetting the current domain, in  0.504 seconds
Domain Reload Profiling: 788ms
	BeginReloadAssembly (72ms)
		ExecutionOrderSort (0ms)
		DisableScriptedObjects (0ms)
		BackupInstance (0ms)
		ReleaseScriptingObjects (0ms)
		CreateAndSetChildDomain (1ms)
	RebuildCommonClasses (30ms)
	RebuildNativeTypeToScriptingClass (9ms)
	initialDomainReloadingComplete (51ms)
	LoadAllAssembliesAndSetupDomain (122ms)
		LoadAssemblies (70ms)
		RebuildTransferFunctionScriptingTraits (0ms)
		AnalyzeDomain (118ms)
			TypeCache.Refresh (117ms)
				TypeCache.ScanAssembly (108ms)
			ScanForSourceGeneratedMonoScriptInfo (0ms)
			ResolveRequiredComponents (0ms)
	FinalizeReload (505ms)
		ReleaseScriptCaches (0ms)
		RebuildScriptCaches (0ms)
		SetupLoadedEditorAssemblies (453ms)
			LogAssemblyErrors (0ms)
			InitializePlatformSupportModulesInManaged (317ms)
			SetLoadedEditorAssemblies (3ms)
			RefreshPlugins (0ms)
			BeforeProcessingInitializeOnLoad (2ms)
			ProcessInitializeOnLoadAttributes (87ms)
			ProcessInitializeOnLoadMethodAttributes (43ms)
			AfterProcessingInitializeOnLoad (0ms)
			EditorAssembliesLoaded (0ms)
		ExecutionOrderSort2 (0ms)
		AwakeInstancesAfterBackupRestoration (0ms)
========================================================================
Worker process is ready to serve import requests
Begin MonoManager ReloadAssembly
Symbol file LoadedFromMemory doesn't match image C:\Users\Usuario\Documents\GitHub\Lost-Gamble\Library\PackageCache\com.unity.visualscripting@1.8.0\Editor\VisualScripting.Core\Dependencies\YamlDotNet\Unity.VisualScripting.YamlDotNet.dll
Symbol file LoadedFromMemory doesn't match image C:\Users\Usuario\Documents\GitHub\Lost-Gamble\Library\PackageCache\com.unity.visualscripting@1.8.0\Editor\VisualScripting.Core\Dependencies\DotNetZip\Unity.VisualScripting.IonicZip.dll
- Loaded All Assemblies, in  0.561 seconds
Refreshing native plugins compatible for Editor in 4.03 ms, found 3 plugins.
Native extension for WindowsStandalone target not found
Native extension for Android target not found
Mono: successfully reloaded assembly
- Finished resetting the current domain, in  0.380 seconds
Domain Reload Profiling: 940ms
	BeginReloadAssembly (110ms)
		ExecutionOrderSort (0ms)
		DisableScriptedObjects (4ms)
		BackupInstance (0ms)
		ReleaseScriptingObjects (0ms)
		CreateAndSetChildDomain (19ms)
	RebuildCommonClasses (29ms)
	RebuildNativeTypeToScriptingClass (9ms)
	initialDomainReloadingComplete (38ms)
	LoadAllAssembliesAndSetupDomain (374ms)
		LoadAssemblies (219ms)
		RebuildTransferFunctionScriptingTraits (0ms)
		AnalyzeDomain (210ms)
			TypeCache.Refresh (192ms)
				TypeCache.ScanAssembly (183ms)
			ScanForSourceGeneratedMonoScriptInfo (13ms)
			ResolveRequiredComponents (5ms)
	FinalizeReload (381ms)
		ReleaseScriptCaches (0ms)
		RebuildScriptCaches (0ms)
		SetupLoadedEditorAssemblies (270ms)
			LogAssemblyErrors (0ms)
			InitializePlatformSupportModulesInManaged (15ms)
			SetLoadedEditorAssemblies (2ms)
			RefreshPlugins (0ms)
			BeforeProcessingInitializeOnLoad (38ms)
			ProcessInitializeOnLoadAttributes (196ms)
			ProcessInitializeOnLoadMethodAttributes (15ms)
			AfterProcessingInitializeOnLoad (4ms)
			EditorAssembliesLoaded (0ms)
		ExecutionOrderSort2 (0ms)
		AwakeInstancesAfterBackupRestoration (5ms)
Launched and connected shader compiler UnityShaderCompiler.exe after 0.03 seconds
Refreshing native plugins compatible for Editor in 1.64 ms, found 3 plugins.
Preloading 0 native plugins for Editor in 0.00 ms.
Unloading 3699 Unused Serialized files (Serialized files now loaded: 0)
Unloading 51 unused Assets / (1.3 MB). Loaded Objects now: 4155.
Memory consumption went from 158.5 MB to 157.2 MB.
Total: 2.858600 ms (FindLiveObjects: 0.196700 ms CreateObjectMapping: 0.095800 ms MarkObjects: 2.299700 ms  DeleteObjects: 0.265500 ms)

AssetImportParameters requested are different than current active one (requested -> active):
  custom:container-demuxer-ogg: 62fdf1f143b41e24485cea50d1cbac27 -> 
  custom:video-codec-MediaFoundation-h265: 746d11721c4dcdbdad8f713fa42b33f4 -> 
  custom:video-decoder-ogg-theora: a1e56fd34408186e4bbccfd4996cb3dc -> 
  custom:framework-win-MediaFoundation: 216162199b28c13a410421893ffa2e32 -> 
  custom:CustomObjectIndexerAttribute: 756ad292c208cfabdd7b50bc23989ffe -> 
  custom:container-demuxer-webm: 4f35f7cbe854078d1ac9338744f61a02 -> 
  custom:container-muxer-webm: aa71ff27fc2769a1b78a27578f13a17b -> 
  custom:video-decoder-webm-vp8: 9c59270c3fd7afecdb556c50c9e8de78 -> 
  custom:AudioImporter_EditorPlatform: d09bf68614088b80899f8185d706f6e7 -> 
  custom:video-encoder-webm-vp8: eb34c28f22e8b96e1ab97ce403110664 -> 
  custom:audio-decoder-ogg-vorbis: bf7c407c2cedff20999df2af8eb42d56 -> 
  custom:audio-encoder-webm-vorbis: bf7c407c2cedff20999df2af8eb42d56 -> 
========================================================================
Received Import Request.
  Time since last request: 1030011.379858 seconds.
  path: Assets/Dialogos/NUEVOSTRANGER/globo_de_dialogo9.png
  artifactKey: Guid(5ffd2221d7298b74aa7f894bd213d040) Importer(815301076,1909f56bfc062723c751e8b465ee728b)
Start importing Assets/Dialogos/NUEVOSTRANGER/globo_de_dialogo9.png using Guid(5ffd2221d7298b74aa7f894bd213d040) Importer(815301076,1909f56bfc062723c751e8b465ee728b)  -> (artifact id: 'a4f4b5e32835ce6aa89abe66b176cd30') in 0.074512 seconds
Number of updated asset objects reloaded before import = 0
Number of asset objects unloaded after import = 3
========================================================================
Received Import Request.
  Time since last request: 0.000025 seconds.
  path: Assets/Ruleta/Diseño/Animacion/Animacion Ruleta juego (final)/seleccion rojo/7/Armature_seleccionrojo_02.png
  artifactKey: Guid(bc0b70f8c323f6c4cb07f73addcb8441) Importer(815301076,1909f56bfc062723c751e8b465ee728b)
Start importing Assets/Ruleta/Diseño/Animacion/Animacion Ruleta juego (final)/seleccion rojo/7/Armature_seleccionrojo_02.png using Guid(bc0b70f8c323f6c4cb07f73addcb8441) Importer(815301076,1909f56bfc062723c751e8b465ee728b)  -> (artifact id: 'f2c91bd55daed0bed0b23bd93b02db22') in 0.023399 seconds
Number of updated asset objects reloaded before import = 0
Number of asset objects unloaded after import = 3
========================================================================
Received Import Request.
  Time since last request: 0.000018 seconds.
  path: Assets/Tricks/Whisky/V.Dado/Armature_lanzardado_19.png
  artifactKey: Guid(c68a1ea244000e840aaed66621d9e706) Importer(815301076,1909f56bfc062723c751e8b465ee728b)
Start importing Assets/Tricks/Whisky/V.Dado/Armature_lanzardado_19.png using Guid(c68a1ea244000e840aaed66621d9e706) Importer(815301076,1909f56bfc062723c751e8b465ee728b)  -> (artifact id: '38a32c44da984b832ca5e5c8bdafd969') in 0.023326 seconds
Number of updated asset objects reloaded before import = 0
Number of asset objects unloaded after import = 3
========================================================================
Received Import Request.
  Time since last request: 0.000014 seconds.
  path: Assets/arte/Imagenes/9e2061bcfe21544c72416c5d792b265ed2b601698e0aea9c45fb103f380898b0.jpg
  artifactKey: Guid(7282735861b1e1b4e894482ac5e6d4c7) Importer(815301076,1909f56bfc062723c751e8b465ee728b)
Start importing Assets/arte/Imagenes/9e2061bcfe21544c72416c5d792b265ed2b601698e0aea9c45fb103f380898b0.jpg using Guid(7282735861b1e1b4e894482ac5e6d4c7) Importer(815301076,1909f56bfc062723c751e8b465ee728b)  -> (artifact id: '586d0d8d9648fb6c0aaf8504b9d082d1') in 0.021422 seconds
Number of updated asset objects reloaded before import = 0
Number of asset objects unloaded after import = 3
========================================================================
Received Import Request.
  Time since last request: 0.000020 seconds.
  path: Assets/Dialogo/StrangerDialogo/10PPTDialogo.png
  artifactKey: Guid(f1eb0b12a40ac904cb45cc1c5cd961ec) Importer(815301076,1909f56bfc062723c751e8b465ee728b)
Start importing Assets/Dialogo/StrangerDialogo/10PPTDialogo.png using Guid(f1eb0b12a40ac904cb45cc1c5cd961ec) Importer(815301076,1909f56bfc062723c751e8b465ee728b)  -> (artifact id: 'ceba144a03b5273685d6a3011c688e5f') in 0.025031 seconds
Number of updated asset objects reloaded before import = 0
Number of asset objects unloaded after import = 3
========================================================================
Received Import Request.
  Time since last request: 0.000029 seconds.
  path: Assets/NPCs/AnimatedRandom/Armature_animtion0_20.png
  artifactKey: Guid(02c94a67924be194e8ce52dcc1db9db1) Importer(815301076,1909f56bfc062723c751e8b465ee728b)
Start importing Assets/NPCs/AnimatedRandom/Armature_animtion0_20.png using Guid(02c94a67924be194e8ce52dcc1db9db1) Importer(815301076,1909f56bfc062723c751e8b465ee728b)  -> (artifact id: '9eef5dfa2a42e8715b82d2e32dd22028') in 0.022128 seconds
Number of updated asset objects reloaded before import = 0
Number of asset objects unloaded after import = 3
========================================================================
Received Import Request.
  Time since last request: 0.000113 seconds.
  path: Assets/Ruleta/Diseño/Animacion/Animacion Ruleta juego (final)/seleccion negro(trucado)/5/Armature_seleccionNegro_00.png
  artifactKey: Guid(513b3766a283b664a827ca275f1c70de) Importer(815301076,1909f56bfc062723c751e8b465ee728b)
Start importing Assets/Ruleta/Diseño/Animacion/Animacion Ruleta juego (final)/seleccion negro(trucado)/5/Armature_seleccionNegro_00.png using Guid(513b3766a283b664a827ca275f1c70de) Importer(815301076,1909f56bfc062723c751e8b465ee728b)  -> (artifact id: '5e5d6f7dbfe076d6352394e9ede894f1') in 0.024868 seconds
Number of updated asset objects reloaded before import = 0
Number of asset objects unloaded after import = 3
========================================================================
Received Import Request.
  Time since last request: 0.000016 seconds.
  path: Assets/Stranger/StrangerDialogos/10Stranger Dialogo.png
  artifactKey: Guid(87645653c05c8a3478582a79ca39cdf2) Importer(815301076,1909f56bfc062723c751e8b465ee728b)
Start importing Assets/Stranger/StrangerDialogos/10Stranger Dialogo.png using Guid(87645653c05c8a3478582a79ca39cdf2) Importer(815301076,1909f56bfc062723c751e8b465ee728b)  -> (artifact id: 'd73eb6204abcbf9d21b973de60ff9fc8') in 0.019385 seconds
Number of updated asset objects reloaded before import = 0
Number of asset objects unloaded after import = 3
========================================================================
Received Import Request.
  Time since last request: 0.000014 seconds.
  path: Assets/Ruleta/Diseño/Animacion/Animacion Ruleta juego (final)/seleccion negro(trucado)/2/Armature_seleccionNegro_00.png
  artifactKey: Guid(93813180143cef440b8001dd08e6305b) Importer(815301076,1909f56bfc062723c751e8b465ee728b)
Start importing Assets/Ruleta/Diseño/Animacion/Animacion Ruleta juego (final)/seleccion negro(trucado)/2/Armature_seleccionNegro_00.png using Guid(93813180143cef440b8001dd08e6305b) Importer(815301076,1909f56bfc062723c751e8b465ee728b)  -> (artifact id: 'a75f3aae6baa246fe2692ab2206ed2c2') in 0.021882 seconds
Number of updated asset objects reloaded before import = 0
Number of asset objects unloaded after import = 3
========================================================================
Received Import Request.
  Time since last request: 0.000017 seconds.
  path: Assets/Tricks/Whisky/Armature_Wiskey_36.png
  artifactKey: Guid(672cbb96dc48dd3428e2cf0ed6542b59) Importer(815301076,1909f56bfc062723c751e8b465ee728b)
Start importing Assets/Tricks/Whisky/Armature_Wiskey_36.png using Guid(672cbb96dc48dd3428e2cf0ed6542b59) Importer(815301076,1909f56bfc062723c751e8b465ee728b)  -> (artifact id: 'd491ec209d73ecf42bb9087d396f21d2') in 0.022992 seconds
Number of updated asset objects reloaded before import = 0
Number of asset objects unloaded after import = 3
========================================================================
Received Import Request.
  Time since last request: 0.000014 seconds.
  path: Assets/Tricks/Pincel/Armature_animtion0_20.png
  artifactKey: Guid(bab167a8314c11b4a80b7d557d93afe4) Importer(815301076,1909f56bfc062723c751e8b465ee728b)
Start importing Assets/Tricks/Pincel/Armature_animtion0_20.png using Guid(bab167a8314c11b4a80b7d557d93afe4) Importer(815301076,1909f56bfc062723c751e8b465ee728b)  -> (artifact id: 'cdba67f38a892f4422cee239663d70a5') in 0.022683 seconds
Number of updated asset objects reloaded before import = 0
Number of asset objects unloaded after import = 3
========================================================================
Received Import Request.
  Time since last request: 0.000013 seconds.
  path: Assets/Ruleta/Diseño/Animacion/Animacion Ruleta juego (final)/seleccion negro/3/Armature_seleccionNegro_00.png
  artifactKey: Guid(4c66d7bb1737ded428ceebd244b291bc) Importer(815301076,1909f56bfc062723c751e8b465ee728b)
Start importing Assets/Ruleta/Diseño/Animacion/Animacion Ruleta juego (final)/seleccion negro/3/Armature_seleccionNegro_00.png using Guid(4c66d7bb1737ded428ceebd244b291bc) Importer(815301076,1909f56bfc062723c751e8b465ee728b)  -> (artifact id: 'ff74159e38120bbcb7ea257ef5a2d13e') in 0.023006 seconds
Number of updated asset objects reloaded before import = 0
Number of asset objects unloaded after import = 3
========================================================================
Received Import Request.
  Time since last request: 0.000017 seconds.
  path: Assets/arte/barra atencion/circulitos.png
  artifactKey: Guid(3949e0a5fbdadbd4aa80f758625cb414) Importer(815301076,1909f56bfc062723c751e8b465ee728b)
Start importing Assets/arte/barra atencion/circulitos.png using Guid(3949e0a5fbdadbd4aa80f758625cb414) Importer(815301076,1909f56bfc062723c751e8b465ee728b)  -> (artifact id: '072e72c16b786d198feff9586057a23a') in 0.020878 seconds
Number of updated asset objects reloaded before import = 0
Number of asset objects unloaded after import = 3
========================================================================
Received Import Request.
  Time since last request: 0.000014 seconds.
  path: Assets/Tricks/Whisky/Armature_Wiskey_31.png
  artifactKey: Guid(85be9fa586c13d347b2427120d2689f5) Importer(815301076,1909f56bfc062723c751e8b465ee728b)
Start importing Assets/Tricks/Whisky/Armature_Wiskey_31.png using Guid(85be9fa586c13d347b2427120d2689f5) Importer(815301076,1909f56bfc062723c751e8b465ee728b)  -> (artifact id: 'bdff7cc5e2b15141c221690135c64b35') in 0.021795 seconds
Number of updated asset objects reloaded before import = 0
Number of asset objects unloaded after import = 3
========================================================================
Received Import Request.
  Time since last request: 0.000027 seconds.
  path: Assets/Memotest/Corazon_ng.png
  artifactKey: Guid(61bfc9804914000468edad7578b91d32) Importer(815301076,1909f56bfc062723c751e8b465ee728b)
Start importing Assets/Memotest/Corazon_ng.png using Guid(61bfc9804914000468edad7578b91d32) Importer(815301076,1909f56bfc062723c751e8b465ee728b)  -> (artifact id: 'b018bd4c0f1cc5768f2a25fcca80e275') in 0.024637 seconds
Number of updated asset objects reloaded before import = 0
Number of asset objects unloaded after import = 3
========================================================================
Received Import Request.
  Time since last request: 0.000033 seconds.
  path: Assets/Stranger/StrangerDialogos/9Stranger Dialogo.png
  artifactKey: Guid(5b6b979b40c83ac44b8624fe30933d46) Importer(815301076,1909f56bfc062723c751e8b465ee728b)
Start importing Assets/Stranger/StrangerDialogos/9Stranger Dialogo.png using Guid(5b6b979b40c83ac44b8624fe30933d46) Importer(815301076,1909f56bfc062723c751e8b465ee728b)  -> (artifact id: '0ad18b4a257885cbcf24cbfd9c46637a') in 0.021530 seconds
Number of updated asset objects reloaded before import = 0
Number of asset objects unloaded after import = 3
========================================================================
Received Import Request.
  Time since last request: 0.000014 seconds.
  path: Assets/Ruleta/Diseño/Animacion/Animacion Ruleta juego (final)/seleccion negro/4/Armature_seleccionNegro_00.png
  artifactKey: Guid(09231b33212f9e544aee0dd4c3b98899) Importer(815301076,1909f56bfc062723c751e8b465ee728b)
Start importing Assets/Ruleta/Diseño/Animacion/Animacion Ruleta juego (final)/seleccion negro/4/Armature_seleccionNegro_00.png using Guid(09231b33212f9e544aee0dd4c3b98899) Importer(815301076,1909f56bfc062723c751e8b465ee728b)  -> (artifact id: '96e1f630a0d325bd812a3b9117d9c28f') in 0.020980 seconds
Number of updated asset objects reloaded before import = 0
Number of asset objects unloaded after import = 3
========================================================================
Received Import Request.
  Time since last request: 581.657528 seconds.
  path: Assets/arte/LostGambleMainCharacterTextures/MainCharacterTextures.mat
  artifactKey: Guid(1f907b6539bb6cc4591a40e9c8dba58c) Importer(815301076,1909f56bfc062723c751e8b465ee728b)
Start importing Assets/arte/LostGambleMainCharacterTextures/MainCharacterTextures.mat using Guid(1f907b6539bb6cc4591a40e9c8dba58c) Importer(815301076,1909f56bfc062723c751e8b465ee728b)  -> (artifact id: 'ebb4ac0d0dd031956d90cf0d2a4b170f') in 0.048521 seconds
Number of updated asset objects reloaded before import = 0
Number of asset objects unloaded after import = 3
========================================================================
Received Import Request.
  Time since last request: 23.671157 seconds.
  path: Assets/arte/LostGambleMainCharacterTextures/MainCharacterTextures.mat
  artifactKey: Guid(1f907b6539bb6cc4591a40e9c8dba58c) Importer(815301076,1909f56bfc062723c751e8b465ee728b)
Start importing Assets/arte/LostGambleMainCharacterTextures/MainCharacterTextures.mat using Guid(1f907b6539bb6cc4591a40e9c8dba58c) Importer(815301076,1909f56bfc062723c751e8b465ee728b)  -> (artifact id: '67e40120651188cb397be2151731ca4a') in 0.015189 seconds
Number of updated asset objects reloaded before import = 0
Number of asset objects unloaded after import = 2
