Using pre-set license
Built from '2022.3/release' branch; Version is '2022.3.5f1 (9674261d40ee) revision 9860134'; Using compiler version '192829333'; Build Type 'Release'
OS: 'Windows 11  (10.0.26100) 64bit CoreSingleLanguage' Language: 'es' Physical Memory: 32621 MB
BatchMode: 1, IsHumanControllingUs: 0, StartBugReporterOnCrash: 0, Is64bit: 1, IsPro: 1

COMMAND LINE ARGUMENTS:
C:\Program Files\Unity\Hub\Editor\2022.3.5f1\Editor\Unity.exe
-adb2
-batchMode
-noUpm
-name
AssetImportWorker4
-projectPath
C:/Users/Usuario/Documents/GitHub/Lost-Gamble
-logFile
Logs/AssetImportWorker4.log
-srvPort
52913
Successfully changed project path to: C:/Users/Usuario/Documents/GitHub/Lost-Gamble
C:/Users/Usuario/Documents/GitHub/Lost-Gamble
[UnityMemory] Configuration Parameters - Can be set up in boot.config
    "memorysetup-bucket-allocator-granularity=16"
    "memorysetup-bucket-allocator-bucket-count=8"
    "memorysetup-bucket-allocator-block-size=33554432"
    "memorysetup-bucket-allocator-block-count=8"
    "memorysetup-main-allocator-block-size=16777216"
    "memorysetup-thread-allocator-block-size=16777216"
    "memorysetup-gfx-main-allocator-block-size=16777216"
    "memorysetup-gfx-thread-allocator-block-size=16777216"
    "memorysetup-cache-allocator-block-size=4194304"
    "memorysetup-typetree-allocator-block-size=2097152"
    "memorysetup-profiler-bucket-allocator-granularity=16"
    "memorysetup-profiler-bucket-allocator-bucket-count=8"
    "memorysetup-profiler-bucket-allocator-block-size=33554432"
    "memorysetup-profiler-bucket-allocator-block-count=8"
    "memorysetup-profiler-allocator-block-size=16777216"
    "memorysetup-profiler-editor-allocator-block-size=1048576"
    "memorysetup-temp-allocator-size-main=16777216"
    "memorysetup-job-temp-allocator-block-size=2097152"
    "memorysetup-job-temp-allocator-block-size-background=1048576"
    "memorysetup-job-temp-allocator-reduction-small-platforms=262144"
    "memorysetup-allocator-temp-initial-block-size-main=262144"
    "memorysetup-allocator-temp-initial-block-size-worker=262144"
    "memorysetup-temp-allocator-size-background-worker=32768"
    "memorysetup-temp-allocator-size-job-worker=262144"
    "memorysetup-temp-allocator-size-preload-manager=33554432"
    "memorysetup-temp-allocator-size-nav-mesh-worker=65536"
    "memorysetup-temp-allocator-size-audio-worker=65536"
    "memorysetup-temp-allocator-size-cloud-worker=32768"
    "memorysetup-temp-allocator-size-gi-baking-worker=262144"
    "memorysetup-temp-allocator-size-gfx=262144"
Player connection [3548] Host "[IP] 192.168.0.12 [Port] 0 [Flags] 2 [Guid] 2292718795 [EditorId] 2292718795 [Version] 1048832 [Id] WindowsEditor(7,DESKTOP-OS6ER4E) [Debug] 1 [PackageName] WindowsEditor [ProjectName] Editor" joined multi-casting on [225.0.0.222:54997]...

Player connection [3548] Host "[IP] 192.168.0.12 [Port] 0 [Flags] 2 [Guid] 2292718795 [EditorId] 2292718795 [Version] 1048832 [Id] WindowsEditor(7,DESKTOP-OS6ER4E) [Debug] 1 [PackageName] WindowsEditor [ProjectName] Editor" joined alternative multi-casting on [225.0.0.222:34997]...

Refreshing native plugins compatible for Editor in 4.32 ms, found 3 plugins.
Preloading 0 native plugins for Editor in 0.00 ms.
Initialize engine version: 2022.3.5f1 (9674261d40ee)
[Subsystems] Discovering subsystems at path C:/Program Files/Unity/Hub/Editor/2022.3.5f1/Editor/Data/Resources/UnitySubsystems
[Subsystems] Discovering subsystems at path C:/Users/Usuario/Documents/GitHub/Lost-Gamble/Assets
GfxDevice: creating device client; threaded=0; jobified=0
Direct3D:
    Version:  Direct3D 11.0 [level 11.1]
    Renderer: AMD Radeon RX 6800 XT (ID=0x73bf)
    Vendor:   ATI
    VRAM:     16311 MB
    Driver:   32.0.13031.3015
Initialize mono
Mono path[0] = 'C:/Program Files/Unity/Hub/Editor/2022.3.5f1/Editor/Data/Managed'
Mono path[1] = 'C:/Program Files/Unity/Hub/Editor/2022.3.5f1/Editor/Data/MonoBleedingEdge/lib/mono/unityjit-win32'
Mono config path = 'C:/Program Files/Unity/Hub/Editor/2022.3.5f1/Editor/Data/MonoBleedingEdge/etc'
Using monoOptions --debugger-agent=transport=dt_socket,embedding=1,server=y,suspend=n,address=127.0.0.1:56236
Begin MonoManager ReloadAssembly
Registering precompiled unity dll's ...
Register platform support module: C:/Program Files/Unity/Hub/Editor/2022.3.5f1/Editor/Data/PlaybackEngines/AndroidPlayer/UnityEditor.Android.Extensions.dll
Register platform support module: C:/Program Files/Unity/Hub/Editor/2022.3.5f1/Editor/Data/PlaybackEngines/WindowsStandaloneSupport/UnityEditor.WindowsStandalone.Extensions.dll
Registered in 0.003919 seconds.
- Loaded All Assemblies, in  0.215 seconds
Native extension for WindowsStandalone target not found
Native extension for Android target not found
Android Extension - Scanning For ADB Devices 155 ms
Mono: successfully reloaded assembly
- Finished resetting the current domain, in  0.375 seconds
Domain Reload Profiling: 589ms
	BeginReloadAssembly (56ms)
		ExecutionOrderSort (0ms)
		DisableScriptedObjects (0ms)
		BackupInstance (0ms)
		ReleaseScriptingObjects (0ms)
		CreateAndSetChildDomain (1ms)
	RebuildCommonClasses (22ms)
	RebuildNativeTypeToScriptingClass (7ms)
	initialDomainReloadingComplete (38ms)
	LoadAllAssembliesAndSetupDomain (91ms)
		LoadAssemblies (55ms)
		RebuildTransferFunctionScriptingTraits (0ms)
		AnalyzeDomain (88ms)
			TypeCache.Refresh (88ms)
				TypeCache.ScanAssembly (80ms)
			ScanForSourceGeneratedMonoScriptInfo (0ms)
			ResolveRequiredComponents (0ms)
	FinalizeReload (375ms)
		ReleaseScriptCaches (0ms)
		RebuildScriptCaches (0ms)
		SetupLoadedEditorAssemblies (337ms)
			LogAssemblyErrors (0ms)
			InitializePlatformSupportModulesInManaged (234ms)
			SetLoadedEditorAssemblies (3ms)
			RefreshPlugins (0ms)
			BeforeProcessingInitializeOnLoad (1ms)
			ProcessInitializeOnLoadAttributes (67ms)
			ProcessInitializeOnLoadMethodAttributes (32ms)
			AfterProcessingInitializeOnLoad (0ms)
			EditorAssembliesLoaded (0ms)
		ExecutionOrderSort2 (0ms)
		AwakeInstancesAfterBackupRestoration (0ms)
========================================================================
Worker process is ready to serve import requests
Begin MonoManager ReloadAssembly
Symbol file LoadedFromMemory doesn't match image C:\Users\Usuario\Documents\GitHub\Lost-Gamble\Library\PackageCache\com.unity.visualscripting@1.8.0\Editor\VisualScripting.Core\Dependencies\YamlDotNet\Unity.VisualScripting.YamlDotNet.dll
Symbol file LoadedFromMemory doesn't match image C:\Users\Usuario\Documents\GitHub\Lost-Gamble\Library\PackageCache\com.unity.visualscripting@1.8.0\Editor\VisualScripting.Core\Dependencies\DotNetZip\Unity.VisualScripting.IonicZip.dll
- Loaded All Assemblies, in  0.448 seconds
Refreshing native plugins compatible for Editor in 1.72 ms, found 3 plugins.
Native extension for WindowsStandalone target not found
Native extension for Android target not found
Mono: successfully reloaded assembly
- Finished resetting the current domain, in  0.345 seconds
Domain Reload Profiling: 793ms
	BeginReloadAssembly (79ms)
		ExecutionOrderSort (0ms)
		DisableScriptedObjects (4ms)
		BackupInstance (0ms)
		ReleaseScriptingObjects (0ms)
		CreateAndSetChildDomain (13ms)
	RebuildCommonClasses (21ms)
	RebuildNativeTypeToScriptingClass (6ms)
	initialDomainReloadingComplete (27ms)
	LoadAllAssembliesAndSetupDomain (315ms)
		LoadAssemblies (168ms)
		RebuildTransferFunctionScriptingTraits (0ms)
		AnalyzeDomain (185ms)
			TypeCache.Refresh (171ms)
				TypeCache.ScanAssembly (162ms)
			ScanForSourceGeneratedMonoScriptInfo (11ms)
			ResolveRequiredComponents (3ms)
	FinalizeReload (345ms)
		ReleaseScriptCaches (0ms)
		RebuildScriptCaches (0ms)
		SetupLoadedEditorAssemblies (248ms)
			LogAssemblyErrors (0ms)
			InitializePlatformSupportModulesInManaged (15ms)
			SetLoadedEditorAssemblies (2ms)
			RefreshPlugins (0ms)
			BeforeProcessingInitializeOnLoad (37ms)
			ProcessInitializeOnLoadAttributes (178ms)
			ProcessInitializeOnLoadMethodAttributes (13ms)
			AfterProcessingInitializeOnLoad (3ms)
			EditorAssembliesLoaded (0ms)
		ExecutionOrderSort2 (0ms)
		AwakeInstancesAfterBackupRestoration (4ms)
Launched and connected shader compiler UnityShaderCompiler.exe after 0.03 seconds
Refreshing native plugins compatible for Editor in 1.60 ms, found 3 plugins.
Preloading 0 native plugins for Editor in 0.00 ms.
Unloading 3699 Unused Serialized files (Serialized files now loaded: 0)
Unloading 51 unused Assets / (1.3 MB). Loaded Objects now: 4155.
Memory consumption went from 158.6 MB to 157.3 MB.
Total: 2.590100 ms (FindLiveObjects: 0.180600 ms CreateObjectMapping: 0.085600 ms MarkObjects: 2.090700 ms  DeleteObjects: 0.232300 ms)

AssetImportParameters requested are different than current active one (requested -> active):
  custom:container-demuxer-ogg: 62fdf1f143b41e24485cea50d1cbac27 -> 
  custom:video-codec-MediaFoundation-h265: 746d11721c4dcdbdad8f713fa42b33f4 -> 
  custom:video-decoder-ogg-theora: a1e56fd34408186e4bbccfd4996cb3dc -> 
  custom:framework-win-MediaFoundation: 216162199b28c13a410421893ffa2e32 -> 
  custom:CustomObjectIndexerAttribute: 756ad292c208cfabdd7b50bc23989ffe -> 
  custom:container-demuxer-webm: 4f35f7cbe854078d1ac9338744f61a02 -> 
  custom:container-muxer-webm: aa71ff27fc2769a1b78a27578f13a17b -> 
  custom:video-decoder-webm-vp8: 9c59270c3fd7afecdb556c50c9e8de78 -> 
  custom:AudioImporter_EditorPlatform: d09bf68614088b80899f8185d706f6e7 -> 
  custom:video-encoder-webm-vp8: eb34c28f22e8b96e1ab97ce403110664 -> 
  custom:audio-decoder-ogg-vorbis: bf7c407c2cedff20999df2af8eb42d56 -> 
  custom:audio-encoder-webm-vorbis: bf7c407c2cedff20999df2af8eb42d56 -> 
========================================================================
Received Import Request.
  Time since last request: 1029911.003713 seconds.
  path: Assets/arte/LostGambleMainCharacterTextures/MainCharacterTextures.mat
  artifactKey: Guid(1f907b6539bb6cc4591a40e9c8dba58c) Importer(815301076,1909f56bfc062723c751e8b465ee728b)
Start importing Assets/arte/LostGambleMainCharacterTextures/MainCharacterTextures.mat using Guid(1f907b6539bb6cc4591a40e9c8dba58c) Importer(815301076,1909f56bfc062723c751e8b465ee728b)  -> (artifact id: 'b4f81cb8c6a5858fc4fe5bc4d90757ba') in 0.073218 seconds
Number of updated asset objects reloaded before import = 0
Number of asset objects unloaded after import = 1
========================================================================
Received Import Request.
  Time since last request: 55.293275 seconds.
  path: Assets/Scenes/SampleScene/Lightmap-7_comp_light.exr
  artifactKey: Guid(22569f23f170b284cb034761db571488) Importer(815301076,1909f56bfc062723c751e8b465ee728b)
Start importing Assets/Scenes/SampleScene/Lightmap-7_comp_light.exr using Guid(22569f23f170b284cb034761db571488) Importer(815301076,1909f56bfc062723c751e8b465ee728b)  -> (artifact id: '69b6ff07ec7882201b48bf51192f1d5e') in 0.050241 seconds
Number of updated asset objects reloaded before import = 0
Number of asset objects unloaded after import = 2
========================================================================
Received Import Request.
  Time since last request: 0.926862 seconds.
  path: Assets/Scenes/SampleScene/Lightmap-6_comp_light.exr
  artifactKey: Guid(3427051509c10a943a3d03586eaaa3e7) Importer(815301076,1909f56bfc062723c751e8b465ee728b)
Start importing Assets/Scenes/SampleScene/Lightmap-6_comp_light.exr using Guid(3427051509c10a943a3d03586eaaa3e7) Importer(815301076,1909f56bfc062723c751e8b465ee728b)  -> (artifact id: 'd0b812f1e7949616c1379615baf02478') in 0.021572 seconds
Number of updated asset objects reloaded before import = 0
Number of asset objects unloaded after import = 2
========================================================================
Received Import Request.
  Time since last request: 0.013817 seconds.
  path: Assets/Scenes/SampleScene/Lightmap-5_comp_light.exr
  artifactKey: Guid(e612201945676554286dc452c0fed699) Importer(815301076,1909f56bfc062723c751e8b465ee728b)
Start importing Assets/Scenes/SampleScene/Lightmap-5_comp_light.exr using Guid(e612201945676554286dc452c0fed699) Importer(815301076,1909f56bfc062723c751e8b465ee728b)  -> (artifact id: '73b5a88593bc397bedfc840d6b14605c') in 0.015676 seconds
Number of updated asset objects reloaded before import = 0
Number of asset objects unloaded after import = 2
========================================================================
Received Import Request.
  Time since last request: 0.008914 seconds.
  path: Assets/Scenes/SampleScene/Lightmap-4_comp_light.exr
  artifactKey: Guid(321b45afd457c814ab5436a769d29634) Importer(815301076,1909f56bfc062723c751e8b465ee728b)
Start importing Assets/Scenes/SampleScene/Lightmap-4_comp_light.exr using Guid(321b45afd457c814ab5436a769d29634) Importer(815301076,1909f56bfc062723c751e8b465ee728b)  -> (artifact id: 'be3a28ca5c238f45dfcadba5f18af5c9') in 0.019789 seconds
Number of updated asset objects reloaded before import = 0
Number of asset objects unloaded after import = 2
========================================================================
Received Import Request.
  Time since last request: 0.180191 seconds.
  path: Assets/Scenes/SampleScene/Lightmap-3_comp_light.exr
  artifactKey: Guid(09ba0fd0a745d174db7f8fec5c530f2d) Importer(815301076,1909f56bfc062723c751e8b465ee728b)
Start importing Assets/Scenes/SampleScene/Lightmap-3_comp_light.exr using Guid(09ba0fd0a745d174db7f8fec5c530f2d) Importer(815301076,1909f56bfc062723c751e8b465ee728b)  -> (artifact id: '2171d48249c9fe53bd198a711d2bd7d9') in 0.025475 seconds
Number of updated asset objects reloaded before import = 0
Number of asset objects unloaded after import = 2
========================================================================
Received Import Request.
  Time since last request: 0.000013 seconds.
  path: Assets/Scenes/SampleScene/Lightmap-3_comp_dir.png
  artifactKey: Guid(f243209ef3f952f42988b89c50bd859c) Importer(815301076,1909f56bfc062723c751e8b465ee728b)
Start importing Assets/Scenes/SampleScene/Lightmap-3_comp_dir.png using Guid(f243209ef3f952f42988b89c50bd859c) Importer(815301076,1909f56bfc062723c751e8b465ee728b)  -> (artifact id: 'ca48b279cd6a0944f42ac18ae6cf86be') in 0.017683 seconds
Number of updated asset objects reloaded before import = 0
Number of asset objects unloaded after import = 2
========================================================================
Received Import Request.
  Time since last request: 0.811030 seconds.
  path: Assets/Scripts/Player/Objetos nuevos/icono del wisky 1.png
  artifactKey: Guid(61d462fafb2981740b86b702ea96987e) Importer(815301076,1909f56bfc062723c751e8b465ee728b)
Start importing Assets/Scripts/Player/Objetos nuevos/icono del wisky 1.png using Guid(61d462fafb2981740b86b702ea96987e) Importer(815301076,1909f56bfc062723c751e8b465ee728b)  -> (artifact id: 'e9de433f18b4fb4bfa94747ac5e6ce10') in 0.033020 seconds
Number of updated asset objects reloaded before import = 0
Number of asset objects unloaded after import = 3
========================================================================
Received Import Request.
  Time since last request: 0.000018 seconds.
  path: Assets/Materials/ADG_Textures/Foam Textures/foam4/foam4_Height.tga
  artifactKey: Guid(b3f65acccbf31ed458771f355601a725) Importer(815301076,1909f56bfc062723c751e8b465ee728b)
Start importing Assets/Materials/ADG_Textures/Foam Textures/foam4/foam4_Height.tga using Guid(b3f65acccbf31ed458771f355601a725) Importer(815301076,1909f56bfc062723c751e8b465ee728b)  -> (artifact id: 'a8ceab1814975c47685be84e7a4b7383') in 0.019983 seconds
Number of updated asset objects reloaded before import = 0
Number of asset objects unloaded after import = 2
========================================================================
Received Import Request.
  Time since last request: 0.000017 seconds.
  path: Assets/Tricks/Whisky/Armature_Wiskey_45.png
  artifactKey: Guid(4917d8ed371c49e43bfb2a4134d09e3b) Importer(815301076,1909f56bfc062723c751e8b465ee728b)
Start importing Assets/Tricks/Whisky/Armature_Wiskey_45.png using Guid(4917d8ed371c49e43bfb2a4134d09e3b) Importer(815301076,1909f56bfc062723c751e8b465ee728b)  -> (artifact id: 'fcc6e7906a17b9c0fbbfbd8cb0316145') in 0.024478 seconds
Number of updated asset objects reloaded before import = 0
Number of asset objects unloaded after import = 3
========================================================================
Received Import Request.
  Time since last request: 0.000029 seconds.
  path: Assets/Materials/ADG_Textures/Foam Textures/foam3/foam3_Diffuse.tif
  artifactKey: Guid(1847c427ebed2b7469dd22667fe6e4e0) Importer(815301076,1909f56bfc062723c751e8b465ee728b)
Start importing Assets/Materials/ADG_Textures/Foam Textures/foam3/foam3_Diffuse.tif using Guid(1847c427ebed2b7469dd22667fe6e4e0) Importer(815301076,1909f56bfc062723c751e8b465ee728b)  -> (artifact id: '079613caa26177dc314605745a99988b') in 0.028746 seconds
Number of updated asset objects reloaded before import = 0
Number of asset objects unloaded after import = 2
========================================================================
Received Import Request.
  Time since last request: 0.000020 seconds.
  path: Assets/Tricks/Whisky/V.Ruleta/Armature_ruleta_09.png
  artifactKey: Guid(fbcfaf4044fe86d4eb28dbc51ac36109) Importer(815301076,1909f56bfc062723c751e8b465ee728b)
Start importing Assets/Tricks/Whisky/V.Ruleta/Armature_ruleta_09.png using Guid(fbcfaf4044fe86d4eb28dbc51ac36109) Importer(815301076,1909f56bfc062723c751e8b465ee728b)  -> (artifact id: '1db80861057b5e769757fc9c7e212491') in 0.023406 seconds
Number of updated asset objects reloaded before import = 0
Number of asset objects unloaded after import = 3
========================================================================
Received Import Request.
  Time since last request: 0.000017 seconds.
  path: Assets/Tricks/Whisky/V.Dado/Armature_lanzardado_27.png
  artifactKey: Guid(91a0c5df6ab2e764fa2923489972c49d) Importer(815301076,1909f56bfc062723c751e8b465ee728b)
Start importing Assets/Tricks/Whisky/V.Dado/Armature_lanzardado_27.png using Guid(91a0c5df6ab2e764fa2923489972c49d) Importer(815301076,1909f56bfc062723c751e8b465ee728b)  -> (artifact id: '1389e979d24a30ecfc2c64ebe5fcfe71') in 0.023659 seconds
Number of updated asset objects reloaded before import = 0
Number of asset objects unloaded after import = 3
========================================================================
Received Import Request.
  Time since last request: 0.000015 seconds.
  path: Assets/Tricks/Whisky/V.PPT/Armature_PPT(extra)_6.png
  artifactKey: Guid(2ad1731fa83b2b44e97bab741c65b042) Importer(815301076,1909f56bfc062723c751e8b465ee728b)
Start importing Assets/Tricks/Whisky/V.PPT/Armature_PPT(extra)_6.png using Guid(2ad1731fa83b2b44e97bab741c65b042) Importer(815301076,1909f56bfc062723c751e8b465ee728b)  -> (artifact id: 'a5f5c16a57b503cff3c65ea7f17d3fbb') in 0.021802 seconds
Number of updated asset objects reloaded before import = 0
Number of asset objects unloaded after import = 3
========================================================================
Received Import Request.
  Time since last request: 0.000018 seconds.
  path: Assets/Stranger/Nuevo/Movimiento/Armature_movimiento(nomalpiensen)_00.png
  artifactKey: Guid(90428d35b4a8ea54a9c228b10842230e) Importer(815301076,1909f56bfc062723c751e8b465ee728b)
Start importing Assets/Stranger/Nuevo/Movimiento/Armature_movimiento(nomalpiensen)_00.png using Guid(90428d35b4a8ea54a9c228b10842230e) Importer(815301076,1909f56bfc062723c751e8b465ee728b)  -> (artifact id: 'de844d2e76cb1e0f2b1091cf8f8a3143') in 0.022287 seconds
Number of updated asset objects reloaded before import = 0
Number of asset objects unloaded after import = 3
========================================================================
Received Import Request.
  Time since last request: 0.000019 seconds.
  path: Assets/Tricks/Pincel/Armature_animtion0_03.png
  artifactKey: Guid(196d5b9f1a070fa4792ba99a8fef3ef8) Importer(815301076,1909f56bfc062723c751e8b465ee728b)
Start importing Assets/Tricks/Pincel/Armature_animtion0_03.png using Guid(196d5b9f1a070fa4792ba99a8fef3ef8) Importer(815301076,1909f56bfc062723c751e8b465ee728b)  -> (artifact id: 'dd9f22dc60d8ba40991f9b6d04a371b8') in 0.021986 seconds
Number of updated asset objects reloaded before import = 0
Number of asset objects unloaded after import = 3
========================================================================
Received Import Request.
  Time since last request: 0.000024 seconds.
  path: Assets/Ruleta/Diseño/Animacion/Animacion Ruleta juego (final)/giro trucada (rojo)/Armature_animacionGiroNormal_14.png
  artifactKey: Guid(905a331fcc2ec374aa6f8e830b1d8210) Importer(815301076,1909f56bfc062723c751e8b465ee728b)
Start importing Assets/Ruleta/Diseño/Animacion/Animacion Ruleta juego (final)/giro trucada (rojo)/Armature_animacionGiroNormal_14.png using Guid(905a331fcc2ec374aa6f8e830b1d8210) Importer(815301076,1909f56bfc062723c751e8b465ee728b)  -> (artifact id: '61a17eed36e47552f562f86e46cca030') in 0.026523 seconds
Number of updated asset objects reloaded before import = 0
Number of asset objects unloaded after import = 3
========================================================================
Received Import Request.
  Time since last request: 0.000019 seconds.
  path: Assets/Scenes/SampleScene/Lightmap-0_comp_dir.png
  artifactKey: Guid(e56b7d2f8480b674a90327f5395dab39) Importer(815301076,1909f56bfc062723c751e8b465ee728b)
Start importing Assets/Scenes/SampleScene/Lightmap-0_comp_dir.png using Guid(e56b7d2f8480b674a90327f5395dab39) Importer(815301076,1909f56bfc062723c751e8b465ee728b)  -> (artifact id: 'aa2de4eec4081170b91e4ae1c41db1a2') in 0.020328 seconds
Number of updated asset objects reloaded before import = 0
Number of asset objects unloaded after import = 2
========================================================================
Received Import Request.
  Time since last request: 0.000060 seconds.
  path: Assets/Dialogo/StrangerDialogo/7PPTDialogo.png
  artifactKey: Guid(f028353fcaab2354999a6b6f06618698) Importer(815301076,1909f56bfc062723c751e8b465ee728b)
Start importing Assets/Dialogo/StrangerDialogo/7PPTDialogo.png using Guid(f028353fcaab2354999a6b6f06618698) Importer(815301076,1909f56bfc062723c751e8b465ee728b)  -> (artifact id: 'e2f15a3a63d2373aba17cde60da19af9') in 0.024044 seconds
Number of updated asset objects reloaded before import = 0
Number of asset objects unloaded after import = 3
========================================================================
Received Import Request.
  Time since last request: 0.000015 seconds.
  path: Assets/TextMesh Pro/Resources/Fonts & Materials/LiberationSans SDF - Fallback.asset
  artifactKey: Guid(2e498d1c8094910479dc3e1b768306a4) Importer(815301076,1909f56bfc062723c751e8b465ee728b)
Start importing Assets/TextMesh Pro/Resources/Fonts & Materials/LiberationSans SDF - Fallback.asset using Guid(2e498d1c8094910479dc3e1b768306a4) Importer(815301076,1909f56bfc062723c751e8b465ee728b)  -> (artifact id: '68226307d1d637d2202c7348c67d8eff') in 0.033352 seconds
Number of updated asset objects reloaded before import = 0
Number of asset objects unloaded after import = 6
========================================================================
Received Import Request.
  Time since last request: 0.000017 seconds.
  path: Assets/Ruleta/Diseño/Animacion/Animacion Ruleta juego (final)/seleccion rojo(trucado)/fallo3/Armature_seleccionrojo_26.png
  artifactKey: Guid(6743e93b60cb84a46906a4aa7825ddaf) Importer(815301076,1909f56bfc062723c751e8b465ee728b)
Start importing Assets/Ruleta/Diseño/Animacion/Animacion Ruleta juego (final)/seleccion rojo(trucado)/fallo3/Armature_seleccionrojo_26.png using Guid(6743e93b60cb84a46906a4aa7825ddaf) Importer(815301076,1909f56bfc062723c751e8b465ee728b)  -> (artifact id: 'ee603b8fd4b24f692407200ac658e7a4') in 0.023824 seconds
Number of updated asset objects reloaded before import = 0
Number of asset objects unloaded after import = 3
========================================================================
Received Import Request.
  Time since last request: 0.000020 seconds.
  path: Assets/Dialogo/Gemela Dados Dialogo/1Gemela/1-1stGemelaDadoDialogo.png
  artifactKey: Guid(82d7d4478e01e1a46b558acff978a5b0) Importer(815301076,1909f56bfc062723c751e8b465ee728b)
Start importing Assets/Dialogo/Gemela Dados Dialogo/1Gemela/1-1stGemelaDadoDialogo.png using Guid(82d7d4478e01e1a46b558acff978a5b0) Importer(815301076,1909f56bfc062723c751e8b465ee728b)  -> (artifact id: 'eeba65491eb226d088e9c4259a2beaf9') in 0.021768 seconds
Number of updated asset objects reloaded before import = 0
Number of asset objects unloaded after import = 3
========================================================================
Received Import Request.
  Time since last request: 0.000019 seconds.
  path: Assets/Tricks/X2/V.Dados/Armature_animtion0_18.png
  artifactKey: Guid(deee4789ca26d3b40835ed97d873e5ca) Importer(815301076,1909f56bfc062723c751e8b465ee728b)
Start importing Assets/Tricks/X2/V.Dados/Armature_animtion0_18.png using Guid(deee4789ca26d3b40835ed97d873e5ca) Importer(815301076,1909f56bfc062723c751e8b465ee728b)  -> (artifact id: '22171832661426ac3351ea8d613a6e56') in 0.021891 seconds
Number of updated asset objects reloaded before import = 0
Number of asset objects unloaded after import = 3
========================================================================
Received Import Request.
  Time since last request: 0.000020 seconds.
  path: Assets/Stranger/StrangerDialogos/6Stranger Dialogo.png
  artifactKey: Guid(49d2ea925b8054948954289bb0d37966) Importer(815301076,1909f56bfc062723c751e8b465ee728b)
Start importing Assets/Stranger/StrangerDialogos/6Stranger Dialogo.png using Guid(49d2ea925b8054948954289bb0d37966) Importer(815301076,1909f56bfc062723c751e8b465ee728b)  -> (artifact id: 'ee633f868d4b583dc4b73b863191166a') in 0.024720 seconds
Number of updated asset objects reloaded before import = 0
Number of asset objects unloaded after import = 3
========================================================================
Received Import Request.
  Time since last request: 0.000024 seconds.
  path: Assets/TextMesh Pro/Resources/Fonts & Materials/LiberationSans SDF.asset
  artifactKey: Guid(8f586378b4e144a9851e7b34d9b748ee) Importer(815301076,1909f56bfc062723c751e8b465ee728b)
Start importing Assets/TextMesh Pro/Resources/Fonts & Materials/LiberationSans SDF.asset using Guid(8f586378b4e144a9851e7b34d9b748ee) Importer(815301076,1909f56bfc062723c751e8b465ee728b)  -> (artifact id: '8dfa8754789da1f60ac5db2e33aa7664') in 0.037258 seconds
Number of updated asset objects reloaded before import = 0
Number of asset objects unloaded after import = 9
========================================================================
Received Import Request.
  Time since last request: 0.000029 seconds.
  path: Assets/Tricks/Contrato/Vieja/Armature_animtion0_10.png
  artifactKey: Guid(dfd641f0513d1fc418dc2250ffcb4ab5) Importer(815301076,1909f56bfc062723c751e8b465ee728b)
Start importing Assets/Tricks/Contrato/Vieja/Armature_animtion0_10.png using Guid(dfd641f0513d1fc418dc2250ffcb4ab5) Importer(815301076,1909f56bfc062723c751e8b465ee728b)  -> (artifact id: 'f5ef738c7a4af648534881892880915e') in 0.021467 seconds
Number of updated asset objects reloaded before import = 0
Number of asset objects unloaded after import = 3
========================================================================
Received Import Request.
  Time since last request: 0.000017 seconds.
  path: Assets/Ruleta/Diseño/Animacion/Animacion Ruleta juego (final)/giro normal/Armature_animtion0_00.png
  artifactKey: Guid(fa5699cc17b80a94da95cddb1271c91a) Importer(815301076,1909f56bfc062723c751e8b465ee728b)
Start importing Assets/Ruleta/Diseño/Animacion/Animacion Ruleta juego (final)/giro normal/Armature_animtion0_00.png using Guid(fa5699cc17b80a94da95cddb1271c91a) Importer(815301076,1909f56bfc062723c751e8b465ee728b)  -> (artifact id: 'd3afc7baf593e21e0326c9565a698375') in 0.023051 seconds
Number of updated asset objects reloaded before import = 0
Number of asset objects unloaded after import = 3
========================================================================
Received Import Request.
  Time since last request: 0.000017 seconds.
  path: Assets/Tricks/Whisky/Armature_Wiskey_38.png
  artifactKey: Guid(9db290fd060375349b11a01676d62518) Importer(815301076,1909f56bfc062723c751e8b465ee728b)
Start importing Assets/Tricks/Whisky/Armature_Wiskey_38.png using Guid(9db290fd060375349b11a01676d62518) Importer(815301076,1909f56bfc062723c751e8b465ee728b)  -> (artifact id: '46d25f2cfe854b0c8337251d7313b879') in 0.022506 seconds
Number of updated asset objects reloaded before import = 0
Number of asset objects unloaded after import = 3
========================================================================
Received Import Request.
  Time since last request: 0.000016 seconds.
  path: Assets/Tricks/Pincel/V_Ruleta/Armature_Ruleta_08.png
  artifactKey: Guid(5673d318cc8d25b46b343f67c8840771) Importer(815301076,1909f56bfc062723c751e8b465ee728b)
Start importing Assets/Tricks/Pincel/V_Ruleta/Armature_Ruleta_08.png using Guid(5673d318cc8d25b46b343f67c8840771) Importer(815301076,1909f56bfc062723c751e8b465ee728b)  -> (artifact id: 'b90adfc79ec597df9cdbb614ff512e40') in 0.024026 seconds
Number of updated asset objects reloaded before import = 0
Number of asset objects unloaded after import = 3
========================================================================
Received Import Request.
  Time since last request: 0.000017 seconds.
  path: Assets/Images/5 de trevoles.png
  artifactKey: Guid(0c10bea467175f3409ba6f45ccfa6a84) Importer(815301076,1909f56bfc062723c751e8b465ee728b)
Start importing Assets/Images/5 de trevoles.png using Guid(0c10bea467175f3409ba6f45ccfa6a84) Importer(815301076,1909f56bfc062723c751e8b465ee728b)  -> (artifact id: '4dcacf8e21826733b2b06b2341010cbc') in 0.020852 seconds
Number of updated asset objects reloaded before import = 0
Number of asset objects unloaded after import = 3
========================================================================
Received Import Request.
  Time since last request: 0.000018 seconds.
  path: Assets/Stranger/Armature_animtion0_17.png
  artifactKey: Guid(172014f1241bf2a4d8f2b6e6606e7775) Importer(815301076,1909f56bfc062723c751e8b465ee728b)
Start importing Assets/Stranger/Armature_animtion0_17.png using Guid(172014f1241bf2a4d8f2b6e6606e7775) Importer(815301076,1909f56bfc062723c751e8b465ee728b)  -> (artifact id: '5ef846ae85a300ab1150f87cb60c6a32') in 0.021380 seconds
Number of updated asset objects reloaded before import = 0
Number of asset objects unloaded after import = 3
========================================================================
Received Import Request.
  Time since last request: 0.000014 seconds.
  path: Assets/Ruleta/Diseño/Animacion/Animacion Ruleta juego (final)/giro trucado (negro)/Armature_animacionGiroNormal_03.png
  artifactKey: Guid(4ef4c81c3c7c2f54c9ac0004fb122b3f) Importer(815301076,1909f56bfc062723c751e8b465ee728b)
Start importing Assets/Ruleta/Diseño/Animacion/Animacion Ruleta juego (final)/giro trucado (negro)/Armature_animacionGiroNormal_03.png using Guid(4ef4c81c3c7c2f54c9ac0004fb122b3f) Importer(815301076,1909f56bfc062723c751e8b465ee728b)  -> (artifact id: 'aaa54ead4c993a63ef94d943ebbffcf3') in 0.021975 seconds
Number of updated asset objects reloaded before import = 0
Number of asset objects unloaded after import = 3
========================================================================
Received Import Request.
  Time since last request: 0.000015 seconds.
  path: Assets/Stranger/Nuevo/Movimiento/Armature_movimiento(nomalpiensen)_07.png
  artifactKey: Guid(f655ca7b466af374185ebf1f53200891) Importer(815301076,1909f56bfc062723c751e8b465ee728b)
Start importing Assets/Stranger/Nuevo/Movimiento/Armature_movimiento(nomalpiensen)_07.png using Guid(f655ca7b466af374185ebf1f53200891) Importer(815301076,1909f56bfc062723c751e8b465ee728b)  -> (artifact id: 'f5396590455fe8c8e9fb2138e2f7f39a') in 0.022445 seconds
Number of updated asset objects reloaded before import = 0
Number of asset objects unloaded after import = 3
========================================================================
Received Import Request.
  Time since last request: 0.000014 seconds.
  path: Assets/Ruleta/Diseño/Animacion/Animacion Ruleta juego (final)/seleccion rojo(trucado)/fallo1/Armature_seleccionrojo_6.png
  artifactKey: Guid(bfd114057338eb3488a1bef9c23b0d0a) Importer(815301076,1909f56bfc062723c751e8b465ee728b)
Start importing Assets/Ruleta/Diseño/Animacion/Animacion Ruleta juego (final)/seleccion rojo(trucado)/fallo1/Armature_seleccionrojo_6.png using Guid(bfd114057338eb3488a1bef9c23b0d0a) Importer(815301076,1909f56bfc062723c751e8b465ee728b)  -> (artifact id: 'fe95af72b4fefcecfcf3901da69116c0') in 0.021362 seconds
Number of updated asset objects reloaded before import = 0
Number of asset objects unloaded after import = 3
========================================================================
Received Import Request.
  Time since last request: 0.000022 seconds.
  path: Assets/Ruleta/Diseño/Animacion/Animacion Ruleta juego (final)/giro normal/Armature_animtion0_02.png
  artifactKey: Guid(64007ff6f68e1124aa53c7f8dff5feca) Importer(815301076,1909f56bfc062723c751e8b465ee728b)
Start importing Assets/Ruleta/Diseño/Animacion/Animacion Ruleta juego (final)/giro normal/Armature_animtion0_02.png using Guid(64007ff6f68e1124aa53c7f8dff5feca) Importer(815301076,1909f56bfc062723c751e8b465ee728b)  -> (artifact id: '3cf16ba21e97a03425e5af9fd074969c') in 0.020507 seconds
Number of updated asset objects reloaded before import = 0
Number of asset objects unloaded after import = 3
========================================================================
Received Import Request.
  Time since last request: 0.000024 seconds.
  path: Assets/Ruleta/Diseño/Animacion/Animacion Ruleta juego (final)/seleccion rojo(trucado)/fallo2/Armature_seleccionrojo_07.png
  artifactKey: Guid(388f81b86a88587468102a272de789a9) Importer(815301076,1909f56bfc062723c751e8b465ee728b)
Start importing Assets/Ruleta/Diseño/Animacion/Animacion Ruleta juego (final)/seleccion rojo(trucado)/fallo2/Armature_seleccionrojo_07.png using Guid(388f81b86a88587468102a272de789a9) Importer(815301076,1909f56bfc062723c751e8b465ee728b)  -> (artifact id: 'd91deabf968fa270eff7d20defe19c82') in 0.020009 seconds
Number of updated asset objects reloaded before import = 0
Number of asset objects unloaded after import = 3
========================================================================
Received Import Request.
  Time since last request: 0.000016 seconds.
  path: Assets/Tricks/Whisky/V.PPT/Armature_PPT(extra)_4.png
  artifactKey: Guid(ef463be1a4669614da2ce40554e03c81) Importer(815301076,1909f56bfc062723c751e8b465ee728b)
Start importing Assets/Tricks/Whisky/V.PPT/Armature_PPT(extra)_4.png using Guid(ef463be1a4669614da2ce40554e03c81) Importer(815301076,1909f56bfc062723c751e8b465ee728b)  -> (artifact id: '1eaee8f36ded10862c4b81ec54317850') in 0.020485 seconds
Number of updated asset objects reloaded before import = 0
Number of asset objects unloaded after import = 3
========================================================================
Received Import Request.
  Time since last request: 0.000017 seconds.
  path: Assets/Ruleta/Diseño/Animacion/Animacion Ruleta juego (final)/seleccion rojo(trucado)/fallo3/Armature_seleccionrojo_27.png
  artifactKey: Guid(a1fc363361fd5cd4ebbd464818e9309f) Importer(815301076,1909f56bfc062723c751e8b465ee728b)
Start importing Assets/Ruleta/Diseño/Animacion/Animacion Ruleta juego (final)/seleccion rojo(trucado)/fallo3/Armature_seleccionrojo_27.png using Guid(a1fc363361fd5cd4ebbd464818e9309f) Importer(815301076,1909f56bfc062723c751e8b465ee728b)  -> (artifact id: '1e7c77af72c6674f57a67d7138c13c18') in 0.022302 seconds
Number of updated asset objects reloaded before import = 0
Number of asset objects unloaded after import = 3
========================================================================
Received Import Request.
  Time since last request: 0.000022 seconds.
  path: Assets/Stranger/Nuevo/Movimiento/Armature_movimiento(nomalpiensen)_04.png
  artifactKey: Guid(4534a99de5c6bcd4fa66ecd9b7421a0b) Importer(815301076,1909f56bfc062723c751e8b465ee728b)
Start importing Assets/Stranger/Nuevo/Movimiento/Armature_movimiento(nomalpiensen)_04.png using Guid(4534a99de5c6bcd4fa66ecd9b7421a0b) Importer(815301076,1909f56bfc062723c751e8b465ee728b)  -> (artifact id: '93404058356cb966204e79c2876cdad8') in 0.022276 seconds
Number of updated asset objects reloaded before import = 0
Number of asset objects unloaded after import = 3
========================================================================
Received Import Request.
  Time since last request: 0.000017 seconds.
  path: Assets/Ruleta/Diseño/Animacion/Animacion Ruleta juego (final)/giro trucado(verde)/Armature_animacionGiroNormal_06.png
  artifactKey: Guid(41cf0a2aea91f1e43b8246a21a02abcc) Importer(815301076,1909f56bfc062723c751e8b465ee728b)
Start importing Assets/Ruleta/Diseño/Animacion/Animacion Ruleta juego (final)/giro trucado(verde)/Armature_animacionGiroNormal_06.png using Guid(41cf0a2aea91f1e43b8246a21a02abcc) Importer(815301076,1909f56bfc062723c751e8b465ee728b)  -> (artifact id: 'a73d84cf5d8169477374435e6d9bcfea') in 0.023477 seconds
Number of updated asset objects reloaded before import = 0
Number of asset objects unloaded after import = 3
========================================================================
Received Import Request.
  Time since last request: 0.000025 seconds.
  path: Assets/NPCs/AnimatedRandom/Armature_animtion0_10.png
  artifactKey: Guid(32862b354e3da6d448a3440b2eebab85) Importer(815301076,1909f56bfc062723c751e8b465ee728b)
Start importing Assets/NPCs/AnimatedRandom/Armature_animtion0_10.png using Guid(32862b354e3da6d448a3440b2eebab85) Importer(815301076,1909f56bfc062723c751e8b465ee728b)  -> (artifact id: '78a219f4386f2fbd2862de5e3a9e2230') in 0.021735 seconds
Number of updated asset objects reloaded before import = 0
Number of asset objects unloaded after import = 3
========================================================================
Received Import Request.
  Time since last request: 0.000015 seconds.
  path: Assets/Tricks/X2/V.Ruleta/Armature_Ruleta_08.png
  artifactKey: Guid(e214da0419e503d41b91b93f3175e643) Importer(815301076,1909f56bfc062723c751e8b465ee728b)
Start importing Assets/Tricks/X2/V.Ruleta/Armature_Ruleta_08.png using Guid(e214da0419e503d41b91b93f3175e643) Importer(815301076,1909f56bfc062723c751e8b465ee728b)  -> (artifact id: '418b7f24a380fe7fdade7e53cdfc40fc') in 0.020406 seconds
Number of updated asset objects reloaded before import = 0
Number of asset objects unloaded after import = 2
========================================================================
Received Import Request.
  Time since last request: 0.000017 seconds.
  path: Assets/Ruleta/Diseño/Animacion/Animacion Ruleta juego (final)/giro trucada (rojo)/Armature_animacionGiroNormal_03.png
  artifactKey: Guid(5becacff2900d924588a6a48758da8fb) Importer(815301076,1909f56bfc062723c751e8b465ee728b)
Start importing Assets/Ruleta/Diseño/Animacion/Animacion Ruleta juego (final)/giro trucada (rojo)/Armature_animacionGiroNormal_03.png using Guid(5becacff2900d924588a6a48758da8fb) Importer(815301076,1909f56bfc062723c751e8b465ee728b)  -> (artifact id: 'b2b0d6efb7bdf616520aea2348ed2370') in 0.023496 seconds
Number of updated asset objects reloaded before import = 0
Number of asset objects unloaded after import = 3
========================================================================
Received Import Request.
  Time since last request: 0.000016 seconds.
  path: Assets/Tricks/X2/Armature_animtion0_17.png
  artifactKey: Guid(21ad62ab0e3275d47b3ed2f1a5ebaf26) Importer(815301076,1909f56bfc062723c751e8b465ee728b)
Start importing Assets/Tricks/X2/Armature_animtion0_17.png using Guid(21ad62ab0e3275d47b3ed2f1a5ebaf26) Importer(815301076,1909f56bfc062723c751e8b465ee728b)  -> (artifact id: '6e239de57fbc0bdcc4ef294284c4a272') in 0.023289 seconds
Number of updated asset objects reloaded before import = 0
Number of asset objects unloaded after import = 3
========================================================================
Received Import Request.
  Time since last request: 0.000017 seconds.
  path: Assets/Dialogos/AmbasGemelasDadosDialogo/1-AmbasGemelasDadoDialogo.png
  artifactKey: Guid(5eaf76fb0cc1c304cbd91a54a27fe2e5) Importer(815301076,1909f56bfc062723c751e8b465ee728b)
Start importing Assets/Dialogos/AmbasGemelasDadosDialogo/1-AmbasGemelasDadoDialogo.png using Guid(5eaf76fb0cc1c304cbd91a54a27fe2e5) Importer(815301076,1909f56bfc062723c751e8b465ee728b)  -> (artifact id: 'ad60053d99b263dd596fa75cc8cdce59') in 0.022309 seconds
Number of updated asset objects reloaded before import = 0
Number of asset objects unloaded after import = 3
========================================================================
Received Import Request.
  Time since last request: 0.000023 seconds.
  path: Assets/Stranger/Nuevo/Movimiento/Armature_movimiento(nomalpiensen)_01.png
  artifactKey: Guid(4abfcdabe2bfe1647a4711190d9eeee9) Importer(815301076,1909f56bfc062723c751e8b465ee728b)
Start importing Assets/Stranger/Nuevo/Movimiento/Armature_movimiento(nomalpiensen)_01.png using Guid(4abfcdabe2bfe1647a4711190d9eeee9) Importer(815301076,1909f56bfc062723c751e8b465ee728b)  -> (artifact id: 'a2c6f295eb04bf3d82802504da164adc') in 0.022924 seconds
Number of updated asset objects reloaded before import = 0
Number of asset objects unloaded after import = 3
========================================================================
Received Import Request.
  Time since last request: 0.000017 seconds.
  path: Assets/Stranger/Nuevo/Movimiento/Armature_movimiento(nomalpiensen)_02.png
  artifactKey: Guid(f3b29aa00adbac346812bbb7ec22a5fb) Importer(815301076,1909f56bfc062723c751e8b465ee728b)
Start importing Assets/Stranger/Nuevo/Movimiento/Armature_movimiento(nomalpiensen)_02.png using Guid(f3b29aa00adbac346812bbb7ec22a5fb) Importer(815301076,1909f56bfc062723c751e8b465ee728b)  -> (artifact id: '8dcaa09581c02d165aabfd572e379acf') in 0.021437 seconds
Number of updated asset objects reloaded before import = 0
Number of asset objects unloaded after import = 3
========================================================================
Received Import Request.
  Time since last request: 0.000016 seconds.
  path: Assets/Tricks/Contrato/Vieja/Armature_animtion0_03.png
  artifactKey: Guid(c55841e17851b45418d22bdb90fb2f14) Importer(815301076,1909f56bfc062723c751e8b465ee728b)
Start importing Assets/Tricks/Contrato/Vieja/Armature_animtion0_03.png using Guid(c55841e17851b45418d22bdb90fb2f14) Importer(815301076,1909f56bfc062723c751e8b465ee728b)  -> (artifact id: '051c5df3f320b7fcf21cc3e6c7db1c24') in 0.023727 seconds
Number of updated asset objects reloaded before import = 0
Number of asset objects unloaded after import = 3
========================================================================
Received Import Request.
  Time since last request: 0.000116 seconds.
  path: Assets/arte/Imagenes/Fondos/depositphotos_10428337-stock-photo-black-cloth-background.jpg
  artifactKey: Guid(3241589ed4f73794aa0b00f074f0c081) Importer(815301076,1909f56bfc062723c751e8b465ee728b)
Start importing Assets/arte/Imagenes/Fondos/depositphotos_10428337-stock-photo-black-cloth-background.jpg using Guid(3241589ed4f73794aa0b00f074f0c081) Importer(815301076,1909f56bfc062723c751e8b465ee728b)  -> (artifact id: '6242558d435112fc6ab285f5d841b828') in 0.021981 seconds
Number of updated asset objects reloaded before import = 0
Number of asset objects unloaded after import = 3
========================================================================
Received Import Request.
  Time since last request: 0.000015 seconds.
  path: Assets/Scenes/SampleScene/Lightmap-1_comp_dir.png
  artifactKey: Guid(3abbe94895881724e9254a3d908cda5b) Importer(815301076,1909f56bfc062723c751e8b465ee728b)
Start importing Assets/Scenes/SampleScene/Lightmap-1_comp_dir.png using Guid(3abbe94895881724e9254a3d908cda5b) Importer(815301076,1909f56bfc062723c751e8b465ee728b)  -> (artifact id: '3635184c2992348263675f290c42dd57') in 0.020639 seconds
Number of updated asset objects reloaded before import = 0
Number of asset objects unloaded after import = 2
========================================================================
Received Import Request.
  Time since last request: 0.000015 seconds.
  path: Assets/Ruleta/Diseño/Animacion/Animacion Ruleta juego (final)/seleccion rojo/7/Armature_seleccionrojo_27.png
  artifactKey: Guid(c0c4951ed8aec0641b836980c464d7ac) Importer(815301076,1909f56bfc062723c751e8b465ee728b)
Start importing Assets/Ruleta/Diseño/Animacion/Animacion Ruleta juego (final)/seleccion rojo/7/Armature_seleccionrojo_27.png using Guid(c0c4951ed8aec0641b836980c464d7ac) Importer(815301076,1909f56bfc062723c751e8b465ee728b)  -> (artifact id: '3be5943600ce67ae1fa2910c9f6d482b') in 0.023559 seconds
Number of updated asset objects reloaded before import = 0
Number of asset objects unloaded after import = 3
========================================================================
Received Import Request.
  Time since last request: 0.000016 seconds.
  path: Assets/Tricks/Pincel/Armature_animtion0_18.png
  artifactKey: Guid(ae806c33b13ff394bb15e4257a89910e) Importer(815301076,1909f56bfc062723c751e8b465ee728b)
Start importing Assets/Tricks/Pincel/Armature_animtion0_18.png using Guid(ae806c33b13ff394bb15e4257a89910e) Importer(815301076,1909f56bfc062723c751e8b465ee728b)  -> (artifact id: 'c78ab0895cba6fbb8ddace76a00b5593') in 0.018914 seconds
Number of updated asset objects reloaded before import = 0
Number of asset objects unloaded after import = 3
========================================================================
Received Import Request.
  Time since last request: 0.000017 seconds.
  path: Assets/Lady Dados/Gemelas/Armature_Idle_10.png
  artifactKey: Guid(09e040f24b87afc488deeb2e62eeca35) Importer(815301076,1909f56bfc062723c751e8b465ee728b)
Start importing Assets/Lady Dados/Gemelas/Armature_Idle_10.png using Guid(09e040f24b87afc488deeb2e62eeca35) Importer(815301076,1909f56bfc062723c751e8b465ee728b)  -> (artifact id: '0dbf91baa2f861ae9ab8468d5655d3d2') in 0.021694 seconds
Number of updated asset objects reloaded before import = 0
Number of asset objects unloaded after import = 3
========================================================================
Received Import Request.
  Time since last request: 0.000013 seconds.
  path: Assets/Ruleta/Diseño/Animacion/Animacion Ruleta juego (final)/giro trucado(verde)/Armature_animacionGiroNormal_01.png
  artifactKey: Guid(71a7905fa9f2f324abbaeeceb5a257cf) Importer(815301076,1909f56bfc062723c751e8b465ee728b)
Start importing Assets/Ruleta/Diseño/Animacion/Animacion Ruleta juego (final)/giro trucado(verde)/Armature_animacionGiroNormal_01.png using Guid(71a7905fa9f2f324abbaeeceb5a257cf) Importer(815301076,1909f56bfc062723c751e8b465ee728b)  -> (artifact id: 'aeb4a68ff8e3066a7d3dc3b7306bb474') in 0.022176 seconds
Number of updated asset objects reloaded before import = 0
Number of asset objects unloaded after import = 3
========================================================================
Received Import Request.
  Time since last request: 0.000016 seconds.
  path: Assets/Dialogos/2ndGemelaDialogo/1-2ndGemelaDadoDialogo.png
  artifactKey: Guid(01f42ad8df07e814585178dc89afe6e7) Importer(815301076,1909f56bfc062723c751e8b465ee728b)
Start importing Assets/Dialogos/2ndGemelaDialogo/1-2ndGemelaDadoDialogo.png using Guid(01f42ad8df07e814585178dc89afe6e7) Importer(815301076,1909f56bfc062723c751e8b465ee728b)  -> (artifact id: 'c01b05034f0369ab46f2157c79318f44') in 0.021576 seconds
Number of updated asset objects reloaded before import = 0
Number of asset objects unloaded after import = 3
========================================================================
Received Import Request.
  Time since last request: 0.000023 seconds.
  path: Assets/NPCs/Opera/Armature_animtion0_02.png
  artifactKey: Guid(54962511b5086e74886fa2eeb392c417) Importer(815301076,1909f56bfc062723c751e8b465ee728b)
Start importing Assets/NPCs/Opera/Armature_animtion0_02.png using Guid(54962511b5086e74886fa2eeb392c417) Importer(815301076,1909f56bfc062723c751e8b465ee728b)  -> (artifact id: '7cb5b1580b13ce7f9686441f1df113a1') in 0.022029 seconds
Number of updated asset objects reloaded before import = 0
Number of asset objects unloaded after import = 3
========================================================================
Received Import Request.
  Time since last request: 0.000014 seconds.
  path: Assets/Lady Dados/Gemelas/Armature_Idle_09.png
  artifactKey: Guid(dd0e96a1d475d54438d9b55f755cbf3a) Importer(815301076,1909f56bfc062723c751e8b465ee728b)
Start importing Assets/Lady Dados/Gemelas/Armature_Idle_09.png using Guid(dd0e96a1d475d54438d9b55f755cbf3a) Importer(815301076,1909f56bfc062723c751e8b465ee728b)  -> (artifact id: '0f86c56c8ab8843409ec2db0a53ef732') in 0.023544 seconds
Number of updated asset objects reloaded before import = 0
Number of asset objects unloaded after import = 3
========================================================================
Received Import Request.
  Time since last request: 0.000016 seconds.
  path: Assets/Tricks/Pincel/V_Dados/Armature_PincelDado_23.png
  artifactKey: Guid(257a4cfb6da732046a33dc8e51ea917f) Importer(815301076,1909f56bfc062723c751e8b465ee728b)
Start importing Assets/Tricks/Pincel/V_Dados/Armature_PincelDado_23.png using Guid(257a4cfb6da732046a33dc8e51ea917f) Importer(815301076,1909f56bfc062723c751e8b465ee728b)  -> (artifact id: 'b0b88df352ff2ff15926d47952676618') in 0.023664 seconds
Number of updated asset objects reloaded before import = 0
Number of asset objects unloaded after import = 3
========================================================================
Received Import Request.
  Time since last request: 0.000041 seconds.
  path: Assets/Materials/ADG_Textures/Foam Textures/foam3/foam3_Opacity.tga
  artifactKey: Guid(25fd4376f156aa843964ce73e403189a) Importer(815301076,1909f56bfc062723c751e8b465ee728b)
Start importing Assets/Materials/ADG_Textures/Foam Textures/foam3/foam3_Opacity.tga using Guid(25fd4376f156aa843964ce73e403189a) Importer(815301076,1909f56bfc062723c751e8b465ee728b)  -> (artifact id: 'f2d9d9d8e40df46ce75bbfda651061c2') in 0.019143 seconds
Number of updated asset objects reloaded before import = 0
Number of asset objects unloaded after import = 2
========================================================================
Received Import Request.
  Time since last request: 0.000017 seconds.
  path: Assets/Tricks/Whisky/V.PPT/Armature_PPT(extra)_3.png
  artifactKey: Guid(259ef38fed0d03345a2e49c866106cc2) Importer(815301076,1909f56bfc062723c751e8b465ee728b)
Start importing Assets/Tricks/Whisky/V.PPT/Armature_PPT(extra)_3.png using Guid(259ef38fed0d03345a2e49c866106cc2) Importer(815301076,1909f56bfc062723c751e8b465ee728b)  -> (artifact id: '98bf0032bedae2cb1899796635a0a3e4') in 0.021936 seconds
Number of updated asset objects reloaded before import = 0
Number of asset objects unloaded after import = 3
========================================================================
Received Import Request.
  Time since last request: 0.000015 seconds.
  path: Assets/Stranger/Armature_animtion0_10.png
  artifactKey: Guid(69e3e4fbb14199d4ab3854370abb1271) Importer(815301076,1909f56bfc062723c751e8b465ee728b)
Start importing Assets/Stranger/Armature_animtion0_10.png using Guid(69e3e4fbb14199d4ab3854370abb1271) Importer(815301076,1909f56bfc062723c751e8b465ee728b)  -> (artifact id: '053fc7632c8ff1dc3d18021a4b83eac4') in 0.021550 seconds
Number of updated asset objects reloaded before import = 0
Number of asset objects unloaded after import = 3
========================================================================
Received Import Request.
  Time since last request: 0.000091 seconds.
  path: Assets/Ruleta/Diseño/Animacion/Animacion Ruleta juego (final)/giro trucado (negro)/Armature_animacionGiroNormal_01.png
  artifactKey: Guid(20d2bbcda96d4ae4193036b9e60da5c9) Importer(815301076,1909f56bfc062723c751e8b465ee728b)
Start importing Assets/Ruleta/Diseño/Animacion/Animacion Ruleta juego (final)/giro trucado (negro)/Armature_animacionGiroNormal_01.png using Guid(20d2bbcda96d4ae4193036b9e60da5c9) Importer(815301076,1909f56bfc062723c751e8b465ee728b)  -> (artifact id: 'f90a50b920b588e6ab0d1a102aaeb06d') in 0.021011 seconds
Number of updated asset objects reloaded before import = 0
Number of asset objects unloaded after import = 3
========================================================================
Received Import Request.
  Time since last request: 0.000017 seconds.
  path: Assets/Tricks/Whisky/Armature_Wiskey_37.png
  artifactKey: Guid(778c38c57db2d934eb0d688c93b02b92) Importer(815301076,1909f56bfc062723c751e8b465ee728b)
Start importing Assets/Tricks/Whisky/Armature_Wiskey_37.png using Guid(778c38c57db2d934eb0d688c93b02b92) Importer(815301076,1909f56bfc062723c751e8b465ee728b)  -> (artifact id: '69d422538666a418615876dc6a943b6d') in 0.024586 seconds
Number of updated asset objects reloaded before import = 0
Number of asset objects unloaded after import = 3
========================================================================
Received Import Request.
  Time since last request: 0.000014 seconds.
  path: Assets/Ruleta/Diseño/Animacion/Animacion Ruleta juego (final)/giro trucado(verde)/Armature_animacionGiroNormal_02.png
  artifactKey: Guid(42000b18a1b837e46adc3da3ab6a7725) Importer(815301076,1909f56bfc062723c751e8b465ee728b)
Start importing Assets/Ruleta/Diseño/Animacion/Animacion Ruleta juego (final)/giro trucado(verde)/Armature_animacionGiroNormal_02.png using Guid(42000b18a1b837e46adc3da3ab6a7725) Importer(815301076,1909f56bfc062723c751e8b465ee728b)  -> (artifact id: 'dadd696128e29424aa65a7e6ec39508c') in 0.022700 seconds
Number of updated asset objects reloaded before import = 0
Number of asset objects unloaded after import = 3
========================================================================
Received Import Request.
  Time since last request: 0.000016 seconds.
  path: Assets/Stranger/Nuevo/Movimiento/Armature_movimiento(nomalpiensen)_03.png
  artifactKey: Guid(5346a0a5389e8ab41a4cbed082df6ac5) Importer(815301076,1909f56bfc062723c751e8b465ee728b)
Start importing Assets/Stranger/Nuevo/Movimiento/Armature_movimiento(nomalpiensen)_03.png using Guid(5346a0a5389e8ab41a4cbed082df6ac5) Importer(815301076,1909f56bfc062723c751e8b465ee728b)  -> (artifact id: 'a603f47569a852660f1151908ae491c8') in 0.020848 seconds
Number of updated asset objects reloaded before import = 0
Number of asset objects unloaded after import = 3
========================================================================
Received Import Request.
  Time since last request: 0.000028 seconds.
  path: Assets/NPCs/Opera/Armature_animtion0_10.png
  artifactKey: Guid(c3ffff69357cb0f40bd0c482d3ca00ba) Importer(815301076,1909f56bfc062723c751e8b465ee728b)
Start importing Assets/NPCs/Opera/Armature_animtion0_10.png using Guid(c3ffff69357cb0f40bd0c482d3ca00ba) Importer(815301076,1909f56bfc062723c751e8b465ee728b)  -> (artifact id: '52857e55d8f667ec9141f19c15748c88') in 0.020507 seconds
Number of updated asset objects reloaded before import = 0
Number of asset objects unloaded after import = 3
========================================================================
Received Import Request.
  Time since last request: 0.000013 seconds.
  path: Assets/Tricks/X2/V.Dados/Armature_animtion0_17.png
  artifactKey: Guid(662786353d52ba8408d1d1e8a074202f) Importer(815301076,1909f56bfc062723c751e8b465ee728b)
Start importing Assets/Tricks/X2/V.Dados/Armature_animtion0_17.png using Guid(662786353d52ba8408d1d1e8a074202f) Importer(815301076,1909f56bfc062723c751e8b465ee728b)  -> (artifact id: 'ef48abc65bdf8ed7229d9bdb43ee7e1f') in 0.023089 seconds
Number of updated asset objects reloaded before import = 0
Number of asset objects unloaded after import = 3
========================================================================
Received Import Request.
  Time since last request: 0.000016 seconds.
  path: Assets/Tricks/Pincel/Armature_animtion0_00.png
  artifactKey: Guid(5a2ac7179f84e154dad427f32fd58ba5) Importer(815301076,1909f56bfc062723c751e8b465ee728b)
Start importing Assets/Tricks/Pincel/Armature_animtion0_00.png using Guid(5a2ac7179f84e154dad427f32fd58ba5) Importer(815301076,1909f56bfc062723c751e8b465ee728b)  -> (artifact id: '5b20c7b1628255fe6da4945e11483342') in 0.021013 seconds
Number of updated asset objects reloaded before import = 0
Number of asset objects unloaded after import = 3
========================================================================
Received Import Request.
  Time since last request: 0.000013 seconds.
  path: Assets/Tricks/Whisky/Armature_Wiskey_43.png
  artifactKey: Guid(e40f75d899d66364494b02f91c13b547) Importer(815301076,1909f56bfc062723c751e8b465ee728b)
Start importing Assets/Tricks/Whisky/Armature_Wiskey_43.png using Guid(e40f75d899d66364494b02f91c13b547) Importer(815301076,1909f56bfc062723c751e8b465ee728b)  -> (artifact id: '573c694fe47d99f80dfa89c63cef7558') in 0.021266 seconds
Number of updated asset objects reloaded before import = 0
Number of asset objects unloaded after import = 3
========================================================================
Received Import Request.
  Time since last request: 0.000017 seconds.
  path: Assets/Ruleta/Diseño/Animacion/Animacion Ruleta juego (final)/seleccion rojo/5/Armature_seleccionrojo_6.png
  artifactKey: Guid(4b3e19938a8031740846361506e45777) Importer(815301076,1909f56bfc062723c751e8b465ee728b)
Start importing Assets/Ruleta/Diseño/Animacion/Animacion Ruleta juego (final)/seleccion rojo/5/Armature_seleccionrojo_6.png using Guid(4b3e19938a8031740846361506e45777) Importer(815301076,1909f56bfc062723c751e8b465ee728b)  -> (artifact id: 'ad9ae4f2bc59a4d2294da44936254950') in 0.023909 seconds
Number of updated asset objects reloaded before import = 0
Number of asset objects unloaded after import = 3
========================================================================
Received Import Request.
  Time since last request: 0.000017 seconds.
  path: Assets/Tricks/Kamikaze/Nueva/Armature_caida_10.png
  artifactKey: Guid(c66826b604f649d4cb41f233413f239b) Importer(815301076,1909f56bfc062723c751e8b465ee728b)
Start importing Assets/Tricks/Kamikaze/Nueva/Armature_caida_10.png using Guid(c66826b604f649d4cb41f233413f239b) Importer(815301076,1909f56bfc062723c751e8b465ee728b)  -> (artifact id: '4d6796036661c19978a89669d460a16a') in 0.023278 seconds
Number of updated asset objects reloaded before import = 0
Number of asset objects unloaded after import = 3
========================================================================
Received Import Request.
  Time since last request: 0.000016 seconds.
  path: Assets/Ruleta/Diseño/Animacion/Animacion Ruleta juego (final)/seleccion verde(trucado)/fallo3/Armature_seleccionVerde_00.png
  artifactKey: Guid(30a2d38fd9871e64f8a2b73635780929) Importer(815301076,1909f56bfc062723c751e8b465ee728b)
Start importing Assets/Ruleta/Diseño/Animacion/Animacion Ruleta juego (final)/seleccion verde(trucado)/fallo3/Armature_seleccionVerde_00.png using Guid(30a2d38fd9871e64f8a2b73635780929) Importer(815301076,1909f56bfc062723c751e8b465ee728b)  -> (artifact id: 'a45dd1e34734dd041cdf676a81d2558c') in 0.022367 seconds
Number of updated asset objects reloaded before import = 0
Number of asset objects unloaded after import = 3
========================================================================
Received Import Request.
  Time since last request: 0.000016 seconds.
  path: Assets/Ruleta/Diseño/Animacion/Animacion Ruleta juego (final)/giro trucado (negro)/Armature_animacionGiroNormal_07.png
  artifactKey: Guid(36ce1c5c082c25049a5dd5cee042dcaf) Importer(815301076,1909f56bfc062723c751e8b465ee728b)
Start importing Assets/Ruleta/Diseño/Animacion/Animacion Ruleta juego (final)/giro trucado (negro)/Armature_animacionGiroNormal_07.png using Guid(36ce1c5c082c25049a5dd5cee042dcaf) Importer(815301076,1909f56bfc062723c751e8b465ee728b)  -> (artifact id: '2f458d4e265894358f18a4994598ca5a') in 0.022011 seconds
Number of updated asset objects reloaded before import = 0
Number of asset objects unloaded after import = 3
========================================================================
Received Import Request.
  Time since last request: 0.000016 seconds.
  path: Assets/Ruleta/Diseño/Animacion/Animacion Ruleta juego (final)/seleccion verde(trucado)/4/Armature_seleccionVerde_00.png
  artifactKey: Guid(358ce424be9f9004f962688ee20f7f57) Importer(815301076,1909f56bfc062723c751e8b465ee728b)
Start importing Assets/Ruleta/Diseño/Animacion/Animacion Ruleta juego (final)/seleccion verde(trucado)/4/Armature_seleccionVerde_00.png using Guid(358ce424be9f9004f962688ee20f7f57) Importer(815301076,1909f56bfc062723c751e8b465ee728b)  -> (artifact id: '0bf84b0e4bc65d7cafab3d5922ae3542') in 0.022816 seconds
Number of updated asset objects reloaded before import = 0
Number of asset objects unloaded after import = 3
========================================================================
Received Import Request.
  Time since last request: 0.000020 seconds.
  path: Assets/Tricks/X2/V.Dados/Armature_animtion0_10.png
  artifactKey: Guid(3181cf371693ce14485184d59679ebb1) Importer(815301076,1909f56bfc062723c751e8b465ee728b)
Start importing Assets/Tricks/X2/V.Dados/Armature_animtion0_10.png using Guid(3181cf371693ce14485184d59679ebb1) Importer(815301076,1909f56bfc062723c751e8b465ee728b)  -> (artifact id: '1f252d921cdd2000771fb6ad5464a68c') in 0.021991 seconds
Number of updated asset objects reloaded before import = 0
Number of asset objects unloaded after import = 3
========================================================================
Received Import Request.
  Time since last request: 0.000024 seconds.
  path: Assets/Dialogo/StrangerDialogo/6PPTDialogo.png
  artifactKey: Guid(eedcdbcd56f07734ebdbd853e0f2c8ed) Importer(815301076,1909f56bfc062723c751e8b465ee728b)
Start importing Assets/Dialogo/StrangerDialogo/6PPTDialogo.png using Guid(eedcdbcd56f07734ebdbd853e0f2c8ed) Importer(815301076,1909f56bfc062723c751e8b465ee728b)  -> (artifact id: '7fb3476d78091745506e38cfee0c768a') in 0.020430 seconds
Number of updated asset objects reloaded before import = 0
Number of asset objects unloaded after import = 3
========================================================================
Received Import Request.
  Time since last request: 0.000016 seconds.
  path: Assets/Tricks/Whisky/V.PPT/Armature_PPT(extra)_2.png
  artifactKey: Guid(cef3ff387c6af604db7992171611a9a2) Importer(815301076,1909f56bfc062723c751e8b465ee728b)
Start importing Assets/Tricks/Whisky/V.PPT/Armature_PPT(extra)_2.png using Guid(cef3ff387c6af604db7992171611a9a2) Importer(815301076,1909f56bfc062723c751e8b465ee728b)  -> (artifact id: '80247b644643e88c9391f53e9f9a4018') in 0.020981 seconds
Number of updated asset objects reloaded before import = 0
Number of asset objects unloaded after import = 3
========================================================================
Received Import Request.
  Time since last request: 0.000016 seconds.
  path: Assets/Ruleta/Diseño/Animacion/Animacion Ruleta juego (final)/giro normal/Armature_animtion0_10.png
  artifactKey: Guid(1a9b4d23858596e4e98da2c2862378be) Importer(815301076,1909f56bfc062723c751e8b465ee728b)
Start importing Assets/Ruleta/Diseño/Animacion/Animacion Ruleta juego (final)/giro normal/Armature_animtion0_10.png using Guid(1a9b4d23858596e4e98da2c2862378be) Importer(815301076,1909f56bfc062723c751e8b465ee728b)  -> (artifact id: '86f6bc5d3164eb39c67e42862840494c') in 0.023805 seconds
Number of updated asset objects reloaded before import = 0
Number of asset objects unloaded after import = 3
========================================================================
Received Import Request.
  Time since last request: 0.000016 seconds.
  path: Assets/Ruleta/Diseño/Animacion/Animacion Ruleta juego (final)/giro trucado (negro)/Armature_animacionGiroNormal_21.png
  artifactKey: Guid(ff53463a494714b48ba9094436da6ab3) Importer(815301076,1909f56bfc062723c751e8b465ee728b)
Start importing Assets/Ruleta/Diseño/Animacion/Animacion Ruleta juego (final)/giro trucado (negro)/Armature_animacionGiroNormal_21.png using Guid(ff53463a494714b48ba9094436da6ab3) Importer(815301076,1909f56bfc062723c751e8b465ee728b)  -> (artifact id: 'b69303d35ab6eeeac079061625043de2') in 0.022405 seconds
Number of updated asset objects reloaded before import = 0
Number of asset objects unloaded after import = 3
========================================================================
Received Import Request.
  Time since last request: 0.000016 seconds.
  path: Assets/NPCs/Random Guy/1GuyRandom.png
  artifactKey: Guid(8336f13d20e78f5418f37c0c436e0714) Importer(815301076,1909f56bfc062723c751e8b465ee728b)
Start importing Assets/NPCs/Random Guy/1GuyRandom.png using Guid(8336f13d20e78f5418f37c0c436e0714) Importer(815301076,1909f56bfc062723c751e8b465ee728b)  -> (artifact id: '682355e42b5f4cafd2d2577562ba6ffa') in 0.022178 seconds
Number of updated asset objects reloaded before import = 0
Number of asset objects unloaded after import = 3
========================================================================
Received Import Request.
  Time since last request: 0.000019 seconds.
  path: Assets/Materials/dados textures/Dado enemigo/dice FBX_lambert1_AlbedoTransparency.png
  artifactKey: Guid(985621afa601b73479a849ee3b5d3485) Importer(815301076,1909f56bfc062723c751e8b465ee728b)
Start importing Assets/Materials/dados textures/Dado enemigo/dice FBX_lambert1_AlbedoTransparency.png using Guid(985621afa601b73479a849ee3b5d3485) Importer(815301076,1909f56bfc062723c751e8b465ee728b)  -> (artifact id: 'c40a6a4f16bdf0117313882f176b4dde') in 0.018117 seconds
Number of updated asset objects reloaded before import = 0
Number of asset objects unloaded after import = 2
========================================================================
Received Import Request.
  Time since last request: 0.000017 seconds.
  path: Assets/Lady Dados/Gemelas/Armature_Idle_11.png
  artifactKey: Guid(96b3d70bd5038d04a894e8f79d7237ba) Importer(815301076,1909f56bfc062723c751e8b465ee728b)
Start importing Assets/Lady Dados/Gemelas/Armature_Idle_11.png using Guid(96b3d70bd5038d04a894e8f79d7237ba) Importer(815301076,1909f56bfc062723c751e8b465ee728b)  -> (artifact id: '882125f7080f615128326f94322190ed') in 0.021643 seconds
Number of updated asset objects reloaded before import = 0
Number of asset objects unloaded after import = 3
========================================================================
Received Import Request.
  Time since last request: 0.000017 seconds.
  path: Assets/Ruleta/Diseño/Animacion/Animacion Ruleta juego (final)/giro trucado(verde)/Armature_animacionGiroNormal_13.png
  artifactKey: Guid(4d3bd8723a7c34e458ef93988ffffc2d) Importer(815301076,1909f56bfc062723c751e8b465ee728b)
Start importing Assets/Ruleta/Diseño/Animacion/Animacion Ruleta juego (final)/giro trucado(verde)/Armature_animacionGiroNormal_13.png using Guid(4d3bd8723a7c34e458ef93988ffffc2d) Importer(815301076,1909f56bfc062723c751e8b465ee728b)  -> (artifact id: 'a65041faad0eaf8fdf26514ff76977dc') in 0.022159 seconds
Number of updated asset objects reloaded before import = 0
Number of asset objects unloaded after import = 3
========================================================================
Received Import Request.
  Time since last request: 0.000016 seconds.
  path: Assets/Dialogo/StrangerDialogo/5PPTDialogo.png
  artifactKey: Guid(172321a2644249e459904d90ac5e2d52) Importer(815301076,1909f56bfc062723c751e8b465ee728b)
Start importing Assets/Dialogo/StrangerDialogo/5PPTDialogo.png using Guid(172321a2644249e459904d90ac5e2d52) Importer(815301076,1909f56bfc062723c751e8b465ee728b)  -> (artifact id: '8e03b024071fb398a35b61f9b4e84ea1') in 0.021489 seconds
Number of updated asset objects reloaded before import = 0
Number of asset objects unloaded after import = 3
========================================================================
Received Import Request.
  Time since last request: 0.000018 seconds.
  path: Assets/Ruleta/Diseño/Animacion/Animacion Ruleta juego (final)/giro trucado (negro)/Armature_animacionGiroNormal_05.png
  artifactKey: Guid(01f72ba0f00f81440addc569cad72fdc) Importer(815301076,1909f56bfc062723c751e8b465ee728b)
Start importing Assets/Ruleta/Diseño/Animacion/Animacion Ruleta juego (final)/giro trucado (negro)/Armature_animacionGiroNormal_05.png using Guid(01f72ba0f00f81440addc569cad72fdc) Importer(815301076,1909f56bfc062723c751e8b465ee728b)  -> (artifact id: '60336813b5c4b28cb173fbde6b3aeaee') in 0.022659 seconds
Number of updated asset objects reloaded before import = 0
Number of asset objects unloaded after import = 3
========================================================================
Received Import Request.
  Time since last request: 0.000027 seconds.
  path: Assets/Tricks/Contrato/Armature_animtion0_03.png
  artifactKey: Guid(607be5a09ea5116448027da66bb70252) Importer(815301076,1909f56bfc062723c751e8b465ee728b)
Start importing Assets/Tricks/Contrato/Armature_animtion0_03.png using Guid(607be5a09ea5116448027da66bb70252) Importer(815301076,1909f56bfc062723c751e8b465ee728b)  -> (artifact id: 'b2d66e127e7f88c4771ddaac93978edd') in 0.021238 seconds
Number of updated asset objects reloaded before import = 0
Number of asset objects unloaded after import = 3
========================================================================
Received Import Request.
  Time since last request: 0.000017 seconds.
  path: Assets/Ruleta/Diseño/Animacion/Animacion Ruleta juego (final)/giro trucada (rojo)/Armature_animacionGiroNormal_01.png
  artifactKey: Guid(60c531329f62cdf40a450644c78e0fb7) Importer(815301076,1909f56bfc062723c751e8b465ee728b)
Start importing Assets/Ruleta/Diseño/Animacion/Animacion Ruleta juego (final)/giro trucada (rojo)/Armature_animacionGiroNormal_01.png using Guid(60c531329f62cdf40a450644c78e0fb7) Importer(815301076,1909f56bfc062723c751e8b465ee728b)  -> (artifact id: '47123e536781393ea6935bcaf5ddbb69') in 0.023944 seconds
Number of updated asset objects reloaded before import = 0
Number of asset objects unloaded after import = 3
========================================================================
Received Import Request.
  Time since last request: 0.000015 seconds.
  path: Assets/Stranger/Nuevo/Armature_idle_12.png
  artifactKey: Guid(108055d3dccf9a241895fc7501cbd6e2) Importer(815301076,1909f56bfc062723c751e8b465ee728b)
Start importing Assets/Stranger/Nuevo/Armature_idle_12.png using Guid(108055d3dccf9a241895fc7501cbd6e2) Importer(815301076,1909f56bfc062723c751e8b465ee728b)  -> (artifact id: 'c24b99da692e0201001e5a05d6205ee4') in 0.024237 seconds
Number of updated asset objects reloaded before import = 0
Number of asset objects unloaded after import = 3
========================================================================
Received Import Request.
  Time since last request: 0.000017 seconds.
  path: Assets/Stranger/Armature_animtion0_18.png
  artifactKey: Guid(57e061385d0cc1045a4f11e4b76eac00) Importer(815301076,1909f56bfc062723c751e8b465ee728b)
Start importing Assets/Stranger/Armature_animtion0_18.png using Guid(57e061385d0cc1045a4f11e4b76eac00) Importer(815301076,1909f56bfc062723c751e8b465ee728b)  -> (artifact id: 'a62b6191a6449ec24fb16908727dc807') in 0.020652 seconds
Number of updated asset objects reloaded before import = 0
Number of asset objects unloaded after import = 3
========================================================================
Received Import Request.
  Time since last request: 0.000019 seconds.
  path: Assets/Ruleta/Diseño/Animacion/Animacion Ruleta juego (final)/giro normal/Armature_animtion0_11.png
  artifactKey: Guid(d75ac76bb9b81bc448a59dbcc0fb69d2) Importer(815301076,1909f56bfc062723c751e8b465ee728b)
Start importing Assets/Ruleta/Diseño/Animacion/Animacion Ruleta juego (final)/giro normal/Armature_animtion0_11.png using Guid(d75ac76bb9b81bc448a59dbcc0fb69d2) Importer(815301076,1909f56bfc062723c751e8b465ee728b)  -> (artifact id: '7a9c41ee0cc71abd21ae89c7255956ce') in 0.023767 seconds
Number of updated asset objects reloaded before import = 0
Number of asset objects unloaded after import = 3
========================================================================
Received Import Request.
  Time since last request: 0.000017 seconds.
  path: Assets/Ruleta/Diseño/Animacion/Animacion Ruleta juego (final)/giro normal/Armature_animtion0_18.png
  artifactKey: Guid(69d21f3d32d808645a65ed2dd1313d99) Importer(815301076,1909f56bfc062723c751e8b465ee728b)
Start importing Assets/Ruleta/Diseño/Animacion/Animacion Ruleta juego (final)/giro normal/Armature_animtion0_18.png using Guid(69d21f3d32d808645a65ed2dd1313d99) Importer(815301076,1909f56bfc062723c751e8b465ee728b)  -> (artifact id: 'e2e42d89785702a4c94cd899fc0332ea') in 0.022938 seconds
Number of updated asset objects reloaded before import = 0
Number of asset objects unloaded after import = 3
========================================================================
Received Import Request.
  Time since last request: 0.000021 seconds.
  path: Assets/Ruleta/Diseño/Animacion/Animacion Ruleta juego (final)/seleccion rojo(trucado)/3/Armature_seleccionrojo_07.png
  artifactKey: Guid(4447c4b505b4332428a35d62406c76da) Importer(815301076,1909f56bfc062723c751e8b465ee728b)
Start importing Assets/Ruleta/Diseño/Animacion/Animacion Ruleta juego (final)/seleccion rojo(trucado)/3/Armature_seleccionrojo_07.png using Guid(4447c4b505b4332428a35d62406c76da) Importer(815301076,1909f56bfc062723c751e8b465ee728b)  -> (artifact id: 'c51660be83fc699f4bffb3fea1d42deb') in 0.022469 seconds
Number of updated asset objects reloaded before import = 0
Number of asset objects unloaded after import = 3
========================================================================
Received Import Request.
  Time since last request: 0.000017 seconds.
  path: Assets/Scenes/SampleScene/Lightmap-1_comp_light.exr
  artifactKey: Guid(d6b741b184048fa49a0993dab637e42c) Importer(815301076,1909f56bfc062723c751e8b465ee728b)
Start importing Assets/Scenes/SampleScene/Lightmap-1_comp_light.exr using Guid(d6b741b184048fa49a0993dab637e42c) Importer(815301076,1909f56bfc062723c751e8b465ee728b)  -> (artifact id: '262610cd40d44b527f0741cb7a4ec4f2') in 0.019339 seconds
Number of updated asset objects reloaded before import = 0
Number of asset objects unloaded after import = 2
========================================================================
Received Import Request.
  Time since last request: 0.000017 seconds.
  path: Assets/Tricks/Pincel/V_Dados/Armature_PincelDado_24.png
  artifactKey: Guid(36283c370d8fcfe4b95ef55e88be57d9) Importer(815301076,1909f56bfc062723c751e8b465ee728b)
Start importing Assets/Tricks/Pincel/V_Dados/Armature_PincelDado_24.png using Guid(36283c370d8fcfe4b95ef55e88be57d9) Importer(815301076,1909f56bfc062723c751e8b465ee728b)  -> (artifact id: '2f54bf83d4245036a500e34dac36fb8e') in 0.023464 seconds
Number of updated asset objects reloaded before import = 0
Number of asset objects unloaded after import = 3
========================================================================
Received Import Request.
  Time since last request: 0.000021 seconds.
  path: Assets/Tricks/Whisky/Armature_Wiskey_40.png
  artifactKey: Guid(eaaa3c711fe851e44a0b64d785f15c72) Importer(815301076,1909f56bfc062723c751e8b465ee728b)
Start importing Assets/Tricks/Whisky/Armature_Wiskey_40.png using Guid(eaaa3c711fe851e44a0b64d785f15c72) Importer(815301076,1909f56bfc062723c751e8b465ee728b)  -> (artifact id: '241b6cc12f58c8f779d330ca6c9d3394') in 0.022583 seconds
Number of updated asset objects reloaded before import = 0
Number of asset objects unloaded after import = 3
========================================================================
Received Import Request.
  Time since last request: 40.798593 seconds.
  path: Assets/Scenes/SampleScene/Lightmap-2_comp_dir.png
  artifactKey: Guid(47b639f6636d8f34bb2b52883bab1e33) Importer(815301076,1909f56bfc062723c751e8b465ee728b)
Start importing Assets/Scenes/SampleScene/Lightmap-2_comp_dir.png using Guid(47b639f6636d8f34bb2b52883bab1e33) Importer(815301076,1909f56bfc062723c751e8b465ee728b)  -> (artifact id: '26d59a812eba5acbf21cc2c3562274f5') in 0.028442 seconds
Number of updated asset objects reloaded before import = 0
Number of asset objects unloaded after import = 2
========================================================================
Received Import Request.
  Time since last request: 0.000018 seconds.
  path: Assets/Materials/flat,750x,075,f-pad,750x1000,f8f8f8.jpg
  artifactKey: Guid(880519d51e80a7a489e2d833550a4ab2) Importer(815301076,1909f56bfc062723c751e8b465ee728b)
Start importing Assets/Materials/flat,750x,075,f-pad,750x1000,f8f8f8.jpg using Guid(880519d51e80a7a489e2d833550a4ab2) Importer(815301076,1909f56bfc062723c751e8b465ee728b)  -> (artifact id: '8397e9b0b8724b12aa86871569cb06ec') in 0.019995 seconds
Number of updated asset objects reloaded before import = 0
Number of asset objects unloaded after import = 2
========================================================================
Received Import Request.
  Time since last request: 0.000018 seconds.
  path: Assets/Tricks/Whisky/Armature_Wiskey_34.png
  artifactKey: Guid(608b3885ea9a6a84e99df255a181ed76) Importer(815301076,1909f56bfc062723c751e8b465ee728b)
Start importing Assets/Tricks/Whisky/Armature_Wiskey_34.png using Guid(608b3885ea9a6a84e99df255a181ed76) Importer(815301076,1909f56bfc062723c751e8b465ee728b)  -> (artifact id: '64bedf724f6c22173ce73f64396e96d3') in 0.021288 seconds
Number of updated asset objects reloaded before import = 0
Number of asset objects unloaded after import = 3
========================================================================
Received Import Request.
  Time since last request: 0.000016 seconds.
  path: Assets/Ruleta/Diseño/Animacion/Animacion Ruleta juego (final)/seleccion rojo/4/Armature_seleccionrojo_24.png
  artifactKey: Guid(06a0ddadd6407544995471156a54a647) Importer(815301076,1909f56bfc062723c751e8b465ee728b)
Start importing Assets/Ruleta/Diseño/Animacion/Animacion Ruleta juego (final)/seleccion rojo/4/Armature_seleccionrojo_24.png using Guid(06a0ddadd6407544995471156a54a647) Importer(815301076,1909f56bfc062723c751e8b465ee728b)  -> (artifact id: '08e99c2e084e5993355fe5c05c2fd103') in 0.024587 seconds
Number of updated asset objects reloaded before import = 0
Number of asset objects unloaded after import = 3
========================================================================
Received Import Request.
  Time since last request: 0.000037 seconds.
  path: Assets/Ruleta/Diseño/Animacion/Animacion Ruleta juego (final)/seleccion negro(trucado)/1/Armature_seleccionNegro_00.png
  artifactKey: Guid(3f5b83f6543ffd849b58bb1f3b2cc912) Importer(815301076,1909f56bfc062723c751e8b465ee728b)
Start importing Assets/Ruleta/Diseño/Animacion/Animacion Ruleta juego (final)/seleccion negro(trucado)/1/Armature_seleccionNegro_00.png using Guid(3f5b83f6543ffd849b58bb1f3b2cc912) Importer(815301076,1909f56bfc062723c751e8b465ee728b)  -> (artifact id: '1ed51517d867fb9e2674dd593ccc831a') in 0.023946 seconds
Number of updated asset objects reloaded before import = 0
Number of asset objects unloaded after import = 3
========================================================================
Received Import Request.
  Time since last request: 0.000024 seconds.
  path: Assets/Tricks/Pincel/Armature_animtion0_21.png
  artifactKey: Guid(ffe980748d460a042bae99f4403a0043) Importer(815301076,1909f56bfc062723c751e8b465ee728b)
Start importing Assets/Tricks/Pincel/Armature_animtion0_21.png using Guid(ffe980748d460a042bae99f4403a0043) Importer(815301076,1909f56bfc062723c751e8b465ee728b)  -> (artifact id: '187eb17181db97e0dda0245e06e63b39') in 0.011680 seconds
Number of updated asset objects reloaded before import = 0
Number of asset objects unloaded after import = 3
========================================================================
Received Import Request.
  Time since last request: 0.000012 seconds.
  path: Assets/arte/Imagenes/9db7db3461a58c13503785047689dab6.jpg
  artifactKey: Guid(f22ae79c4ab2649458810d624ac2ac45) Importer(815301076,1909f56bfc062723c751e8b465ee728b)
Start importing Assets/arte/Imagenes/9db7db3461a58c13503785047689dab6.jpg using Guid(f22ae79c4ab2649458810d624ac2ac45) Importer(815301076,1909f56bfc062723c751e8b465ee728b)  -> (artifact id: 'af6a11386617bc02d27e55dbcf1c7dc5') in 0.024004 seconds
Number of updated asset objects reloaded before import = 0
Number of asset objects unloaded after import = 3
========================================================================
Received Import Request.
  Time since last request: 0.000016 seconds.
  path: Assets/Ruleta/Diseño/Animacion/Animacion Ruleta juego (final)/giro normal/Armature_animtion0_21.png
  artifactKey: Guid(6864e4ecd5b86d648aa2eed5584d442c) Importer(815301076,1909f56bfc062723c751e8b465ee728b)
Start importing Assets/Ruleta/Diseño/Animacion/Animacion Ruleta juego (final)/giro normal/Armature_animtion0_21.png using Guid(6864e4ecd5b86d648aa2eed5584d442c) Importer(815301076,1909f56bfc062723c751e8b465ee728b)  -> (artifact id: '864873505797d1bd79f20d68b4a17bf1') in 0.022658 seconds
Number of updated asset objects reloaded before import = 0
Number of asset objects unloaded after import = 3
========================================================================
Received Import Request.
  Time since last request: 0.000014 seconds.
  path: Assets/Ruleta/Diseño/Animacion/Animacion Ruleta juego (final)/seleccion rojo/7/Armature_seleccionrojo_24.png
  artifactKey: Guid(581a827b2e175774f9e116b30e25a13a) Importer(815301076,1909f56bfc062723c751e8b465ee728b)
Start importing Assets/Ruleta/Diseño/Animacion/Animacion Ruleta juego (final)/seleccion rojo/7/Armature_seleccionrojo_24.png using Guid(581a827b2e175774f9e116b30e25a13a) Importer(815301076,1909f56bfc062723c751e8b465ee728b)  -> (artifact id: '738a48bb38a010cbe862e753e7aaaf57') in 0.021727 seconds
Number of updated asset objects reloaded before import = 0
Number of asset objects unloaded after import = 3
========================================================================
Received Import Request.
  Time since last request: 0.000038 seconds.
  path: Assets/Scripts/Player/Objetos nuevos/Armature_animtion0_20 1.png
  artifactKey: Guid(eda2dbb46ca9e13428f21cd3be072bc5) Importer(815301076,1909f56bfc062723c751e8b465ee728b)
Start importing Assets/Scripts/Player/Objetos nuevos/Armature_animtion0_20 1.png using Guid(eda2dbb46ca9e13428f21cd3be072bc5) Importer(815301076,1909f56bfc062723c751e8b465ee728b)  -> (artifact id: 'a89ebbbd60c8a07754f9ac9f69a98310') in 0.021313 seconds
Number of updated asset objects reloaded before import = 0
Number of asset objects unloaded after import = 3
========================================================================
Received Import Request.
  Time since last request: 0.000014 seconds.
  path: Assets/Tricks/Whisky/V.Dado/Armature_lanzardado_15.png
  artifactKey: Guid(b9159c9f85fff414982ff859382a7042) Importer(815301076,1909f56bfc062723c751e8b465ee728b)
Start importing Assets/Tricks/Whisky/V.Dado/Armature_lanzardado_15.png using Guid(b9159c9f85fff414982ff859382a7042) Importer(815301076,1909f56bfc062723c751e8b465ee728b)  -> (artifact id: '44ab55900fe8ed4b1f8518ff40d06d35') in 0.023012 seconds
Number of updated asset objects reloaded before import = 0
Number of asset objects unloaded after import = 3
========================================================================
Received Import Request.
  Time since last request: 0.000014 seconds.
  path: Assets/Ruleta/Diseño/Animacion/Animacion Ruleta juego (final)/seleccion rojo/6/Armature_seleccionrojo_02.png
  artifactKey: Guid(6a868c7e1dd64ee4ca75b06fa3ccdc2a) Importer(815301076,1909f56bfc062723c751e8b465ee728b)
Start importing Assets/Ruleta/Diseño/Animacion/Animacion Ruleta juego (final)/seleccion rojo/6/Armature_seleccionrojo_02.png using Guid(6a868c7e1dd64ee4ca75b06fa3ccdc2a) Importer(815301076,1909f56bfc062723c751e8b465ee728b)  -> (artifact id: '37195e52b83f93928d9e916df62b2b22') in 0.023197 seconds
Number of updated asset objects reloaded before import = 0
Number of asset objects unloaded after import = 3
========================================================================
Received Import Request.
  Time since last request: 0.000014 seconds.
  path: Assets/Ruleta/Diseño/Animacion/Animacion Ruleta juego (final)/seleccion rojo(trucado)/fallo2/Armature_seleccionrojo_02.png
  artifactKey: Guid(acb3610a1f6ab48438f8e559bdac9219) Importer(815301076,1909f56bfc062723c751e8b465ee728b)
Start importing Assets/Ruleta/Diseño/Animacion/Animacion Ruleta juego (final)/seleccion rojo(trucado)/fallo2/Armature_seleccionrojo_02.png using Guid(acb3610a1f6ab48438f8e559bdac9219) Importer(815301076,1909f56bfc062723c751e8b465ee728b)  -> (artifact id: 'ef0b02c6d11e8847da1d572cd3733316') in 0.022265 seconds
Number of updated asset objects reloaded before import = 0
Number of asset objects unloaded after import = 3
========================================================================
Received Import Request.
  Time since last request: 0.000014 seconds.
  path: Assets/arte/Imagenes/Fondos/7730e7207c15d9e72b85505486ae8510.png
  artifactKey: Guid(c0c5d31d2f1b5a54c9c4eba25ff71eb1) Importer(815301076,1909f56bfc062723c751e8b465ee728b)
Start importing Assets/arte/Imagenes/Fondos/7730e7207c15d9e72b85505486ae8510.png using Guid(c0c5d31d2f1b5a54c9c4eba25ff71eb1) Importer(815301076,1909f56bfc062723c751e8b465ee728b)  -> (artifact id: 'ff6c23fdb38d87ab1ed128f57ff5373b') in 0.022664 seconds
Number of updated asset objects reloaded before import = 0
Number of asset objects unloaded after import = 3
========================================================================
Received Import Request.
  Time since last request: 0.000016 seconds.
  path: Assets/Lady Dados/1LadyDado/1LadyDado/lanzardado/Armature_lanzardado_16.png
  artifactKey: Guid(70611545ad72c8b41925e3b3e455dff5) Importer(815301076,1909f56bfc062723c751e8b465ee728b)
Start importing Assets/Lady Dados/1LadyDado/1LadyDado/lanzardado/Armature_lanzardado_16.png using Guid(70611545ad72c8b41925e3b3e455dff5) Importer(815301076,1909f56bfc062723c751e8b465ee728b)  -> (artifact id: '2f9760b0c1705d8b7216dc0376248352') in 0.021216 seconds
Number of updated asset objects reloaded before import = 0
Number of asset objects unloaded after import = 3
========================================================================
Received Import Request.
  Time since last request: 0.000027 seconds.
  path: Assets/TextMesh Pro/Sprites/EmojiOne.png
  artifactKey: Guid(dffef66376be4fa480fb02b19edbe903) Importer(815301076,1909f56bfc062723c751e8b465ee728b)
Start importing Assets/TextMesh Pro/Sprites/EmojiOne.png using Guid(dffef66376be4fa480fb02b19edbe903) Importer(815301076,1909f56bfc062723c751e8b465ee728b)  -> (artifact id: 'a51f9b1acb85d26db88c2f6a70fdc8e2') in 0.019403 seconds
Number of updated asset objects reloaded before import = 0
Number of asset objects unloaded after import = 2
========================================================================
Received Import Request.
  Time since last request: 0.000016 seconds.
  path: Assets/Ruleta/Diseño/Animacion/Animacion Ruleta juego (final)/seleccion rojo/4/Armature_seleccionrojo_02.png
  artifactKey: Guid(0194af707d880794bae6765d8648f539) Importer(815301076,1909f56bfc062723c751e8b465ee728b)
Start importing Assets/Ruleta/Diseño/Animacion/Animacion Ruleta juego (final)/seleccion rojo/4/Armature_seleccionrojo_02.png using Guid(0194af707d880794bae6765d8648f539) Importer(815301076,1909f56bfc062723c751e8b465ee728b)  -> (artifact id: '59f7f2cd77d547adc88c9111a62e4a5e') in 0.023174 seconds
Number of updated asset objects reloaded before import = 0
Number of asset objects unloaded after import = 3
========================================================================
Received Import Request.
  Time since last request: 0.000018 seconds.
  path: Assets/Ruleta/Diseño/Animacion/Animacion Ruleta juego (final)/giro normal/Armature_animtion0_20.png
  artifactKey: Guid(7a4776f95fc59c549b235f2693a1d2cf) Importer(815301076,1909f56bfc062723c751e8b465ee728b)
Start importing Assets/Ruleta/Diseño/Animacion/Animacion Ruleta juego (final)/giro normal/Armature_animtion0_20.png using Guid(7a4776f95fc59c549b235f2693a1d2cf) Importer(815301076,1909f56bfc062723c751e8b465ee728b)  -> (artifact id: '1a23467108d261190805120e4eb9e6fc') in 0.024857 seconds
Number of updated asset objects reloaded before import = 0
Number of asset objects unloaded after import = 3
========================================================================
Received Import Request.
  Time since last request: 0.000017 seconds.
  path: Assets/Stranger/Armature_animtion0_20.png
  artifactKey: Guid(8a802bdb5d92b964097336b760b67029) Importer(815301076,1909f56bfc062723c751e8b465ee728b)
Start importing Assets/Stranger/Armature_animtion0_20.png using Guid(8a802bdb5d92b964097336b760b67029) Importer(815301076,1909f56bfc062723c751e8b465ee728b)  -> (artifact id: 'debb91a07fe00541f51bf0fbbbfb2dcd') in 0.023321 seconds
Number of updated asset objects reloaded before import = 0
Number of asset objects unloaded after import = 3
Editor requested this worker to shutdown with reason: Scaling down because of idle timeout
TcpMessagingSession - receive error
AssetImportWorkerClient::OnTransportError - code=2 error=End of file
AssetImportWorker is now disconnected from the server
Process exiting
Exiting without the bug reporter. Application will terminate with return code 0