Using pre-set license
Built from '2022.3/release' branch; Version is '2022.3.5f1 (9674261d40ee) revision 9860134'; Using compiler version '192829333'; Build Type 'Release'
OS: 'Windows 11  (10.0.26200) 64bit Professional' Language: 'es' Physical Memory: 16305 MB
BatchMode: 1, IsHumanControllingUs: 0, StartBugReporterOnCrash: 0, Is64bit: 1, IsPro: 1

COMMAND LINE ARGUMENTS:
C:\Program Files\Unity\Hub\Editor\2022.3.5f1\Editor\Unity.exe
-adb2
-batchMode
-noUpm
-name
AssetImportWorker3
-projectPath
C:/Users/PC/Desktop/Lost-Gamble
-logFile
Logs/AssetImportWorker3.log
-srvPort
54875
Successfully changed project path to: C:/Users/PC/Desktop/Lost-Gamble
C:/Users/PC/Desktop/Lost-Gamble
[UnityMemory] Configuration Parameters - Can be set up in boot.config
    "memorysetup-bucket-allocator-granularity=16"
    "memorysetup-bucket-allocator-bucket-count=8"
    "memorysetup-bucket-allocator-block-size=33554432"
    "memorysetup-bucket-allocator-block-count=8"
    "memorysetup-main-allocator-block-size=16777216"
    "memorysetup-thread-allocator-block-size=16777216"
    "memorysetup-gfx-main-allocator-block-size=16777216"
    "memorysetup-gfx-thread-allocator-block-size=16777216"
    "memorysetup-cache-allocator-block-size=4194304"
    "memorysetup-typetree-allocator-block-size=2097152"
    "memorysetup-profiler-bucket-allocator-granularity=16"
    "memorysetup-profiler-bucket-allocator-bucket-count=8"
    "memorysetup-profiler-bucket-allocator-block-size=33554432"
    "memorysetup-profiler-bucket-allocator-block-count=8"
    "memorysetup-profiler-allocator-block-size=16777216"
    "memorysetup-profiler-editor-allocator-block-size=1048576"
    "memorysetup-temp-allocator-size-main=16777216"
    "memorysetup-job-temp-allocator-block-size=2097152"
    "memorysetup-job-temp-allocator-block-size-background=1048576"
    "memorysetup-job-temp-allocator-reduction-small-platforms=262144"
    "memorysetup-allocator-temp-initial-block-size-main=262144"
    "memorysetup-allocator-temp-initial-block-size-worker=262144"
    "memorysetup-temp-allocator-size-background-worker=32768"
    "memorysetup-temp-allocator-size-job-worker=262144"
    "memorysetup-temp-allocator-size-preload-manager=33554432"
    "memorysetup-temp-allocator-size-nav-mesh-worker=65536"
    "memorysetup-temp-allocator-size-audio-worker=65536"
    "memorysetup-temp-allocator-size-cloud-worker=32768"
    "memorysetup-temp-allocator-size-gi-baking-worker=262144"
    "memorysetup-temp-allocator-size-gfx=262144"
Player connection [23748] Host "[IP] 192.168.68.108 [Port] 0 [Flags] 2 [Guid] 3871872498 [EditorId] 3871872498 [Version] 1048832 [Id] WindowsEditor(7,DESKTOP-0MDNNVG) [Debug] 1 [PackageName] WindowsEditor [ProjectName] Editor" joined multi-casting on [225.0.0.222:54997]...

Player connection [23748] Host "[IP] 192.168.68.108 [Port] 0 [Flags] 2 [Guid] 3871872498 [EditorId] 3871872498 [Version] 1048832 [Id] WindowsEditor(7,DESKTOP-0MDNNVG) [Debug] 1 [PackageName] WindowsEditor [ProjectName] Editor" joined alternative multi-casting on [225.0.0.222:34997]...

Refreshing native plugins compatible for Editor in 9.25 ms, found 3 plugins.
Preloading 0 native plugins for Editor in 0.00 ms.
Initialize engine version: 2022.3.5f1 (9674261d40ee)
[Subsystems] Discovering subsystems at path C:/Program Files/Unity/Hub/Editor/2022.3.5f1/Editor/Data/Resources/UnitySubsystems
[Subsystems] Discovering subsystems at path C:/Users/PC/Desktop/Lost-Gamble/Assets
GfxDevice: creating device client; threaded=0; jobified=0
Direct3D:
    Version:  Direct3D 11.0 [level 11.1]
    Renderer: NVIDIA GeForce RTX 3070 (ID=0x2488)
    Vendor:   NVIDIA
    VRAM:     8018 MB
    Driver:   32.0.15.8157
Initialize mono
Mono path[0] = 'C:/Program Files/Unity/Hub/Editor/2022.3.5f1/Editor/Data/Managed'
Mono path[1] = 'C:/Program Files/Unity/Hub/Editor/2022.3.5f1/Editor/Data/MonoBleedingEdge/lib/mono/unityjit-win32'
Mono config path = 'C:/Program Files/Unity/Hub/Editor/2022.3.5f1/Editor/Data/MonoBleedingEdge/etc'
Using monoOptions --debugger-agent=transport=dt_socket,embedding=1,server=y,suspend=n,address=127.0.0.1:56724
Begin MonoManager ReloadAssembly
Registering precompiled unity dll's ...
Register platform support module: C:/Program Files/Unity/Hub/Editor/2022.3.5f1/Editor/Data/PlaybackEngines/AndroidPlayer/UnityEditor.Android.Extensions.dll
Register platform support module: C:/Program Files/Unity/Hub/Editor/2022.3.5f1/Editor/Data/PlaybackEngines/WindowsStandaloneSupport/UnityEditor.WindowsStandalone.Extensions.dll
Registered in 0.010083 seconds.
- Loaded All Assemblies, in  0.425 seconds
Native extension for WindowsStandalone target not found
Native extension for Android target not found
Android Extension - Scanning For ADB Devices 267 ms
Mono: successfully reloaded assembly
- Finished resetting the current domain, in  0.554 seconds
Domain Reload Profiling: 976ms
	BeginReloadAssembly (172ms)
		ExecutionOrderSort (0ms)
		DisableScriptedObjects (0ms)
		BackupInstance (0ms)
		ReleaseScriptingObjects (0ms)
		CreateAndSetChildDomain (1ms)
	RebuildCommonClasses (32ms)
	RebuildNativeTypeToScriptingClass (9ms)
	initialDomainReloadingComplete (62ms)
	LoadAllAssembliesAndSetupDomain (145ms)
		LoadAssemblies (169ms)
		RebuildTransferFunctionScriptingTraits (0ms)
		AnalyzeDomain (137ms)
			TypeCache.Refresh (136ms)
				TypeCache.ScanAssembly (125ms)
			ScanForSourceGeneratedMonoScriptInfo (0ms)
			ResolveRequiredComponents (0ms)
	FinalizeReload (554ms)
		ReleaseScriptCaches (0ms)
		RebuildScriptCaches (0ms)
		SetupLoadedEditorAssemblies (501ms)
			LogAssemblyErrors (0ms)
			InitializePlatformSupportModulesInManaged (370ms)
			SetLoadedEditorAssemblies (4ms)
			RefreshPlugins (0ms)
			BeforeProcessingInitializeOnLoad (2ms)
			ProcessInitializeOnLoadAttributes (87ms)
			ProcessInitializeOnLoadMethodAttributes (39ms)
			AfterProcessingInitializeOnLoad (0ms)
			EditorAssembliesLoaded (0ms)
		ExecutionOrderSort2 (0ms)
		AwakeInstancesAfterBackupRestoration (0ms)
========================================================================
Worker process is ready to serve import requests
Begin MonoManager ReloadAssembly
Symbol file LoadedFromMemory doesn't match image C:\Users\PC\Desktop\Lost-Gamble\Library\PackageCache\com.unity.visualscripting@1.8.0\Editor\VisualScripting.Core\Dependencies\YamlDotNet\Unity.VisualScripting.YamlDotNet.dll
Symbol file LoadedFromMemory doesn't match image C:\Users\PC\Desktop\Lost-Gamble\Library\PackageCache\com.unity.visualscripting@1.8.0\Editor\VisualScripting.Core\Dependencies\DotNetZip\Unity.VisualScripting.IonicZip.dll
- Loaded All Assemblies, in  0.693 seconds
Refreshing native plugins compatible for Editor in 3.86 ms, found 3 plugins.
Native extension for WindowsStandalone target not found
Native extension for Android target not found
Mono: successfully reloaded assembly
- Finished resetting the current domain, in  1.127 seconds
Domain Reload Profiling: 1816ms
	BeginReloadAssembly (119ms)
		ExecutionOrderSort (0ms)
		DisableScriptedObjects (5ms)
		BackupInstance (0ms)
		ReleaseScriptingObjects (0ms)
		CreateAndSetChildDomain (18ms)
	RebuildCommonClasses (30ms)
	RebuildNativeTypeToScriptingClass (9ms)
	initialDomainReloadingComplete (43ms)
	LoadAllAssembliesAndSetupDomain (488ms)
		LoadAssemblies (269ms)
		RebuildTransferFunctionScriptingTraits (0ms)
		AnalyzeDomain (275ms)
			TypeCache.Refresh (257ms)
				TypeCache.ScanAssembly (243ms)
			ScanForSourceGeneratedMonoScriptInfo (14ms)
			ResolveRequiredComponents (4ms)
	FinalizeReload (1128ms)
		ReleaseScriptCaches (0ms)
		RebuildScriptCaches (0ms)
		SetupLoadedEditorAssemblies (1000ms)
			LogAssemblyErrors (0ms)
			InitializePlatformSupportModulesInManaged (690ms)
			SetLoadedEditorAssemblies (2ms)
			RefreshPlugins (0ms)
			BeforeProcessingInitializeOnLoad (59ms)
			ProcessInitializeOnLoadAttributes (223ms)
			ProcessInitializeOnLoadMethodAttributes (16ms)
			AfterProcessingInitializeOnLoad (8ms)
			EditorAssembliesLoaded (0ms)
		ExecutionOrderSort2 (0ms)
		AwakeInstancesAfterBackupRestoration (5ms)
Launched and connected shader compiler UnityShaderCompiler.exe after 0.03 seconds
Refreshing native plugins compatible for Editor in 3.56 ms, found 3 plugins.
Preloading 0 native plugins for Editor in 0.00 ms.
Unloading 3683 Unused Serialized files (Serialized files now loaded: 0)
Unloading 51 unused Assets / (1.3 MB). Loaded Objects now: 4142.
Memory consumption went from 159.0 MB to 157.6 MB.
Total: 3.295100 ms (FindLiveObjects: 0.295400 ms CreateObjectMapping: 0.101000 ms MarkObjects: 2.282700 ms  DeleteObjects: 0.615400 ms)

AssetImportParameters requested are different than current active one (requested -> active):
  custom:container-demuxer-ogg: 62fdf1f143b41e24485cea50d1cbac27 -> 
  custom:video-decoder-ogg-theora: a1e56fd34408186e4bbccfd4996cb3dc -> 
  custom:framework-win-MediaFoundation: 216162199b28c13a410421893ffa2e32 -> 
  custom:CustomObjectIndexerAttribute: 756ad292c208cfabdd7b50bc23989ffe -> 
  custom:container-demuxer-webm: 4f35f7cbe854078d1ac9338744f61a02 -> 
  custom:container-muxer-webm: aa71ff27fc2769a1b78a27578f13a17b -> 
  custom:video-decoder-webm-vp8: 9c59270c3fd7afecdb556c50c9e8de78 -> 
  custom:AudioImporter_EditorPlatform: d09bf68614088b80899f8185d706f6e7 -> 
  custom:video-encoder-webm-vp8: eb34c28f22e8b96e1ab97ce403110664 -> 
  custom:audio-decoder-ogg-vorbis: bf7c407c2cedff20999df2af8eb42d56 -> 
  custom:audio-encoder-webm-vorbis: bf7c407c2cedff20999df2af8eb42d56 -> 
========================================================================
Received Import Request.
  Time since last request: 5763.712505 seconds.
  path: Assets/Tricks/Pincel/V_PPT/Tijera-Papel/Armature_PPT_04.png
  artifactKey: Guid(1874ea80508c4e9459e92868e72e44e6) Importer(815301076,1909f56bfc062723c751e8b465ee728b)
Start importing Assets/Tricks/Pincel/V_PPT/Tijera-Papel/Armature_PPT_04.png using Guid(1874ea80508c4e9459e92868e72e44e6) Importer(815301076,1909f56bfc062723c751e8b465ee728b)  -> (artifact id: '51a9af4d11542a16a9301c6e18f3572a') in 0.074070 seconds
Number of updated asset objects reloaded before import = 0
Number of asset objects unloaded after import = 3
========================================================================
Received Import Request.
  Time since last request: 0.000018 seconds.
  path: Assets/Tricks/Pincel/V_PPT/Papel-Piedra/Armature_PPT_05.png
  artifactKey: Guid(f0e4cc8a15614a449b8ec0570c06a30c) Importer(815301076,1909f56bfc062723c751e8b465ee728b)
Start importing Assets/Tricks/Pincel/V_PPT/Papel-Piedra/Armature_PPT_05.png using Guid(f0e4cc8a15614a449b8ec0570c06a30c) Importer(815301076,1909f56bfc062723c751e8b465ee728b)  -> (artifact id: 'e6836a067f14667e36d9c11e26ed3fe1') in 0.023889 seconds
Number of updated asset objects reloaded before import = 0
Number of asset objects unloaded after import = 3
========================================================================
Received Import Request.
  Time since last request: 0.000015 seconds.
  path: Assets/Tricks/Pincel/V_PPT/Piedra-Tijera/Armature_PPT_05.png
  artifactKey: Guid(3346c79c57297734182cb3de07678914) Importer(815301076,1909f56bfc062723c751e8b465ee728b)
Start importing Assets/Tricks/Pincel/V_PPT/Piedra-Tijera/Armature_PPT_05.png using Guid(3346c79c57297734182cb3de07678914) Importer(815301076,1909f56bfc062723c751e8b465ee728b)  -> (artifact id: '68baf6a39e70fdaf9d9c25272949a83e') in 0.025525 seconds
Number of updated asset objects reloaded before import = 0
Number of asset objects unloaded after import = 3
========================================================================
Received Import Request.
  Time since last request: 0.000018 seconds.
  path: Assets/Tricks/X2/V.PPT/Armature_PPT_07.png
  artifactKey: Guid(3cafe2ee060cef94fa934bc3a495f700) Importer(815301076,1909f56bfc062723c751e8b465ee728b)
Start importing Assets/Tricks/X2/V.PPT/Armature_PPT_07.png using Guid(3cafe2ee060cef94fa934bc3a495f700) Importer(815301076,1909f56bfc062723c751e8b465ee728b)  -> (artifact id: 'b2ce2940ab386fda9ec0d6c6afd46e9c') in 0.016440 seconds
Number of updated asset objects reloaded before import = 0
Number of asset objects unloaded after import = 2
========================================================================
Received Import Request.
  Time since last request: 0.000013 seconds.
  path: Assets/Tricks/Pincel/V_PPT/Piedra-Tijera/Armature_PPT_07.png
  artifactKey: Guid(643ca9bee18b5ce40bda4bf4945eefbd) Importer(815301076,1909f56bfc062723c751e8b465ee728b)
Start importing Assets/Tricks/Pincel/V_PPT/Piedra-Tijera/Armature_PPT_07.png using Guid(643ca9bee18b5ce40bda4bf4945eefbd) Importer(815301076,1909f56bfc062723c751e8b465ee728b)  -> (artifact id: '1fc13394878296ce0e49234a1a0a5cd6') in 0.021200 seconds
Number of updated asset objects reloaded before import = 0
Number of asset objects unloaded after import = 3
========================================================================
Received Import Request.
  Time since last request: 0.000018 seconds.
  path: Assets/Tricks/Pincel/V_PPT/Tijera-Papel/Armature_PPT_08.png
  artifactKey: Guid(de4b10d08fa760f428ad60e4b03f5562) Importer(815301076,1909f56bfc062723c751e8b465ee728b)
Start importing Assets/Tricks/Pincel/V_PPT/Tijera-Papel/Armature_PPT_08.png using Guid(de4b10d08fa760f428ad60e4b03f5562) Importer(815301076,1909f56bfc062723c751e8b465ee728b)  -> (artifact id: '19ca7e1ff195e01d6a706f3933e0d53c') in 0.023831 seconds
Number of updated asset objects reloaded before import = 0
Number of asset objects unloaded after import = 3
========================================================================
Received Import Request.
  Time since last request: 0.000019 seconds.
  path: Assets/Tricks/Pincel/V_PPT/Tijera-Piedra/Armature_PPT_07.png
  artifactKey: Guid(b31c1ae66a93307439045b55b7f3c4e7) Importer(815301076,1909f56bfc062723c751e8b465ee728b)
Start importing Assets/Tricks/Pincel/V_PPT/Tijera-Piedra/Armature_PPT_07.png using Guid(b31c1ae66a93307439045b55b7f3c4e7) Importer(815301076,1909f56bfc062723c751e8b465ee728b)  -> (artifact id: '57e1b0c9e9bf05468c8f0e62bb55ff43') in 0.023438 seconds
Number of updated asset objects reloaded before import = 0
Number of asset objects unloaded after import = 2
========================================================================
Received Import Request.
  Time since last request: 0.000024 seconds.
  path: Assets/Tricks/Pincel/V_PPT/Piedra-Papel/Armature_PPT_06.png
  artifactKey: Guid(33d57dee0cfa77b419573f656d43aff6) Importer(815301076,1909f56bfc062723c751e8b465ee728b)
Start importing Assets/Tricks/Pincel/V_PPT/Piedra-Papel/Armature_PPT_06.png using Guid(33d57dee0cfa77b419573f656d43aff6) Importer(815301076,1909f56bfc062723c751e8b465ee728b)  -> (artifact id: '1865db5d19e0dfa0c0ce561b70f811b7') in 0.023316 seconds
Number of updated asset objects reloaded before import = 0
Number of asset objects unloaded after import = 2
========================================================================
Received Import Request.
  Time since last request: 0.000016 seconds.
  path: Assets/Tricks/X2/V.PPT/Armature_PPT_10.png
  artifactKey: Guid(20f4357924cefc9488c0fffb44d0c2e0) Importer(815301076,1909f56bfc062723c751e8b465ee728b)
Start importing Assets/Tricks/X2/V.PPT/Armature_PPT_10.png using Guid(20f4357924cefc9488c0fffb44d0c2e0) Importer(815301076,1909f56bfc062723c751e8b465ee728b)  -> (artifact id: '36c74c9f40db879aa880ee2f0a6232d7') in 0.028319 seconds
Number of updated asset objects reloaded before import = 0
Number of asset objects unloaded after import = 2
========================================================================
Received Import Request.
  Time since last request: 0.000017 seconds.
  path: Assets/Tricks/Pincel/V_PPT/Piedra-Tijera/Armature_PPT_10.png
  artifactKey: Guid(c99d9e0def946df40ba2121b712c34a3) Importer(815301076,1909f56bfc062723c751e8b465ee728b)
Start importing Assets/Tricks/Pincel/V_PPT/Piedra-Tijera/Armature_PPT_10.png using Guid(c99d9e0def946df40ba2121b712c34a3) Importer(815301076,1909f56bfc062723c751e8b465ee728b)  -> (artifact id: '0771b7666bae1fb692d0395ba37531aa') in 0.022293 seconds
Number of updated asset objects reloaded before import = 0
Number of asset objects unloaded after import = 3
========================================================================
Received Import Request.
  Time since last request: 0.000013 seconds.
  path: Assets/Tricks/Pincel/V_PPT/Papel-Tijera/Armature_PPT_11.png
  artifactKey: Guid(1867a983eb7d4dc49a72adb9a844ce0a) Importer(815301076,1909f56bfc062723c751e8b465ee728b)
Start importing Assets/Tricks/Pincel/V_PPT/Papel-Tijera/Armature_PPT_11.png using Guid(1867a983eb7d4dc49a72adb9a844ce0a) Importer(815301076,1909f56bfc062723c751e8b465ee728b)  -> (artifact id: 'fbeb967c95cbbd5cd42ebdd5dc674c86') in 0.021536 seconds
Number of updated asset objects reloaded before import = 0
Number of asset objects unloaded after import = 2
========================================================================
Received Import Request.
  Time since last request: 0.000018 seconds.
  path: Assets/Tricks/Pincel/V_PPT/Tijera-Papel/Armature_PPT_12.png
  artifactKey: Guid(f750b279edeb9a74799ba4fb455ef137) Importer(815301076,1909f56bfc062723c751e8b465ee728b)
Start importing Assets/Tricks/Pincel/V_PPT/Tijera-Papel/Armature_PPT_12.png using Guid(f750b279edeb9a74799ba4fb455ef137) Importer(815301076,1909f56bfc062723c751e8b465ee728b)  -> (artifact id: '81271147f71f07ebad7a8967a3943039') in 0.021694 seconds
Number of updated asset objects reloaded before import = 0
Number of asset objects unloaded after import = 3
========================================================================
Received Import Request.
  Time since last request: 0.000023 seconds.
  path: Assets/Tricks/X2/V.PPT/Armature_PPT_12.png
  artifactKey: Guid(f48cf2b7986708746add711834157f17) Importer(815301076,1909f56bfc062723c751e8b465ee728b)
Start importing Assets/Tricks/X2/V.PPT/Armature_PPT_12.png using Guid(f48cf2b7986708746add711834157f17) Importer(815301076,1909f56bfc062723c751e8b465ee728b)  -> (artifact id: '8e560c4205d7e851a31c2f5354808596') in 0.024249 seconds
Number of updated asset objects reloaded before import = 0
Number of asset objects unloaded after import = 2
========================================================================
Received Import Request.
  Time since last request: 0.000020 seconds.
  path: Assets/Tricks/Pincel/V_PPT/Tijera-Piedra/Armature_PPT_06.png
  artifactKey: Guid(a24dfc21b38004a4aa4cc809f4377057) Importer(815301076,1909f56bfc062723c751e8b465ee728b)
Start importing Assets/Tricks/Pincel/V_PPT/Tijera-Piedra/Armature_PPT_06.png using Guid(a24dfc21b38004a4aa4cc809f4377057) Importer(815301076,1909f56bfc062723c751e8b465ee728b)  -> (artifact id: 'f622afdb38de42ce474933cde1affa9c') in 0.025116 seconds
Number of updated asset objects reloaded before import = 0
Number of asset objects unloaded after import = 2
========================================================================
Received Import Request.
  Time since last request: 0.000024 seconds.
  path: Assets/Tricks/Pincel/V_PPT/Papel-Tijera/Armature_PPT_13.png
  artifactKey: Guid(6148a7c189990094296e2b06de2ffa70) Importer(815301076,1909f56bfc062723c751e8b465ee728b)
Start importing Assets/Tricks/Pincel/V_PPT/Papel-Tijera/Armature_PPT_13.png using Guid(6148a7c189990094296e2b06de2ffa70) Importer(815301076,1909f56bfc062723c751e8b465ee728b)  -> (artifact id: 'f19a0e655ffb65e311ab17de86737869') in 0.021919 seconds
Number of updated asset objects reloaded before import = 0
Number of asset objects unloaded after import = 2
========================================================================
Received Import Request.
  Time since last request: 0.000018 seconds.
  path: Assets/Tricks/Pincel/V_PPT/Piedra-Tijera/Armature_PPT_09.png
  artifactKey: Guid(7f363a1ab0e8dcd4fbcec9a146babebf) Importer(815301076,1909f56bfc062723c751e8b465ee728b)
Start importing Assets/Tricks/Pincel/V_PPT/Piedra-Tijera/Armature_PPT_09.png using Guid(7f363a1ab0e8dcd4fbcec9a146babebf) Importer(815301076,1909f56bfc062723c751e8b465ee728b)  -> (artifact id: '1c73d2ff53844267001b90959822c74c') in 0.024337 seconds
Number of updated asset objects reloaded before import = 0
Number of asset objects unloaded after import = 3
========================================================================
Received Import Request.
  Time since last request: 0.000028 seconds.
  path: Assets/Tricks/Pincel/V_PPT/Papel-Piedra/Armature_PPT_14.png
  artifactKey: Guid(b414f7f9a8c7d0c469c9721e2f84e2f6) Importer(815301076,1909f56bfc062723c751e8b465ee728b)
Start importing Assets/Tricks/Pincel/V_PPT/Papel-Piedra/Armature_PPT_14.png using Guid(b414f7f9a8c7d0c469c9721e2f84e2f6) Importer(815301076,1909f56bfc062723c751e8b465ee728b)  -> (artifact id: '5745ff7eb9e650c6d14a5c00ac3d13a7') in 0.026275 seconds
Number of updated asset objects reloaded before import = 0
Number of asset objects unloaded after import = 3
========================================================================
Received Import Request.
  Time since last request: 0.000019 seconds.
  path: Assets/Tricks/X2/V.PPT/Armature_PPT_14.png
  artifactKey: Guid(069e2b9a917d3ae41a24a572413ae6ca) Importer(815301076,1909f56bfc062723c751e8b465ee728b)
Start importing Assets/Tricks/X2/V.PPT/Armature_PPT_14.png using Guid(069e2b9a917d3ae41a24a572413ae6ca) Importer(815301076,1909f56bfc062723c751e8b465ee728b)  -> (artifact id: '71ec3e566039b66547c662acf2004df6') in 0.031696 seconds
Number of updated asset objects reloaded before import = 0
Number of asset objects unloaded after import = 2
========================================================================
Received Import Request.
  Time since last request: 0.000020 seconds.
  path: Assets/Tricks/Pincel/V_PPT/Tijera-Piedra/Armature_PPT_14.png
  artifactKey: Guid(689cdbe6dd8744e42b254cf3fa8ebae2) Importer(815301076,1909f56bfc062723c751e8b465ee728b)
Start importing Assets/Tricks/Pincel/V_PPT/Tijera-Piedra/Armature_PPT_14.png using Guid(689cdbe6dd8744e42b254cf3fa8ebae2) Importer(815301076,1909f56bfc062723c751e8b465ee728b)  -> (artifact id: '30595b38301c0a5c680655d02c825865') in 0.022661 seconds
Number of updated asset objects reloaded before import = 0
Number of asset objects unloaded after import = 2
========================================================================
Received Import Request.
  Time since last request: 0.001435 seconds.
  path: Assets/Tricks/Pincel/V_PPT/Tijera-Piedra/Armature_PPT_15.png
  artifactKey: Guid(bcf2b2e4d61a26b4d98b9dda23aa3cae) Importer(815301076,1909f56bfc062723c751e8b465ee728b)
Start importing Assets/Tricks/Pincel/V_PPT/Tijera-Piedra/Armature_PPT_15.png using Guid(bcf2b2e4d61a26b4d98b9dda23aa3cae) Importer(815301076,1909f56bfc062723c751e8b465ee728b)  -> (artifact id: 'd1fad9f4085c27748a9244915f4d72e8') in 0.026197 seconds
Number of updated asset objects reloaded before import = 0
Number of asset objects unloaded after import = 2
========================================================================
Received Import Request.
  Time since last request: 0.697016 seconds.
  path: Assets/Tricks/Pincel/V_PPT/Tijera-Papel/Armature_PPT_16.png
  artifactKey: Guid(0f113c3bb779e8f48a65e454c47fba20) Importer(815301076,1909f56bfc062723c751e8b465ee728b)
Start importing Assets/Tricks/Pincel/V_PPT/Tijera-Papel/Armature_PPT_16.png using Guid(0f113c3bb779e8f48a65e454c47fba20) Importer(815301076,1909f56bfc062723c751e8b465ee728b)  -> (artifact id: '6076214786d4e56246e919f6a819fb25') in 0.060525 seconds
Number of updated asset objects reloaded before import = 0
Number of asset objects unloaded after import = 3
========================================================================
Received Import Request.
  Time since last request: 0.000020 seconds.
  path: Assets/Tricks/Pincel/V_PPT/Papel-Piedra/Armature_PPT_17.png
  artifactKey: Guid(3ca2225a3c7d1834e90023300ce432ac) Importer(815301076,1909f56bfc062723c751e8b465ee728b)
Start importing Assets/Tricks/Pincel/V_PPT/Papel-Piedra/Armature_PPT_17.png using Guid(3ca2225a3c7d1834e90023300ce432ac) Importer(815301076,1909f56bfc062723c751e8b465ee728b)  -> (artifact id: '574cbb5f86acebc48ed8ffd92a9ce74f') in 0.019448 seconds
Number of updated asset objects reloaded before import = 0
Number of asset objects unloaded after import = 3
========================================================================
Received Import Request.
  Time since last request: 0.000027 seconds.
  path: Assets/Tricks/Pincel/V_PPT/Tijera-Piedra/Armature_PPT_17.png
  artifactKey: Guid(42a93a68f7750e54183926b3325c1830) Importer(815301076,1909f56bfc062723c751e8b465ee728b)
Start importing Assets/Tricks/Pincel/V_PPT/Tijera-Piedra/Armature_PPT_17.png using Guid(42a93a68f7750e54183926b3325c1830) Importer(815301076,1909f56bfc062723c751e8b465ee728b)  -> (artifact id: 'f14db494377cd7bba0f59a7205bb47e0') in 0.037525 seconds
Number of updated asset objects reloaded before import = 0
Number of asset objects unloaded after import = 2
========================================================================
Received Import Request.
  Time since last request: 0.000015 seconds.
  path: Assets/Tricks/Pincel/V_PPT/Tijera-Papel/Armature_PPT_18.png
  artifactKey: Guid(4b2d9e865316c9d429d28ffe978db8f2) Importer(815301076,1909f56bfc062723c751e8b465ee728b)
Start importing Assets/Tricks/Pincel/V_PPT/Tijera-Papel/Armature_PPT_18.png using Guid(4b2d9e865316c9d429d28ffe978db8f2) Importer(815301076,1909f56bfc062723c751e8b465ee728b)  -> (artifact id: '47e446087c476219d4812cf0c913f036') in 0.179744 seconds
Number of updated asset objects reloaded before import = 0
Number of asset objects unloaded after import = 3
========================================================================
Received Import Request.
  Time since last request: 0.003512 seconds.
  path: Assets/Tricks/Pincel/V_PPT/Piedra-Papel/Armature_PPT_18.png
  artifactKey: Guid(378f6030a511ddc428c8bcfcb7ac8223) Importer(815301076,1909f56bfc062723c751e8b465ee728b)
Start importing Assets/Tricks/Pincel/V_PPT/Piedra-Papel/Armature_PPT_18.png using Guid(378f6030a511ddc428c8bcfcb7ac8223) Importer(815301076,1909f56bfc062723c751e8b465ee728b)  -> (artifact id: 'ac841ec5a50ae0b3e1e331608a149a01') in 0.037658 seconds
Number of updated asset objects reloaded before import = 0
Number of asset objects unloaded after import = 2
========================================================================
Received Import Request.
  Time since last request: 0.000013 seconds.
  path: Assets/Tricks/Pincel/V_PPT/Tijera-Papel/Armature_PPT_19.png
  artifactKey: Guid(16e74df297ab9d14aa0e0d649d901a75) Importer(815301076,1909f56bfc062723c751e8b465ee728b)
Start importing Assets/Tricks/Pincel/V_PPT/Tijera-Papel/Armature_PPT_19.png using Guid(16e74df297ab9d14aa0e0d649d901a75) Importer(815301076,1909f56bfc062723c751e8b465ee728b)  -> (artifact id: 'd261b0b4d1638f9222d15f925e518a5f') in 0.021467 seconds
Number of updated asset objects reloaded before import = 0
Number of asset objects unloaded after import = 3
========================================================================
Received Import Request.
  Time since last request: 0.054207 seconds.
  path: Assets/Tricks/Pincel/V_PPT/Piedra-Papel/Armature_PPT_20.png
  artifactKey: Guid(cc8f454c5291e014880927add9cabf11) Importer(815301076,1909f56bfc062723c751e8b465ee728b)
Start importing Assets/Tricks/Pincel/V_PPT/Piedra-Papel/Armature_PPT_20.png using Guid(cc8f454c5291e014880927add9cabf11) Importer(815301076,1909f56bfc062723c751e8b465ee728b)  -> (artifact id: '41c0ae2a7b66287abb1b7092eecd8074') in 0.038405 seconds
Number of updated asset objects reloaded before import = 0
Number of asset objects unloaded after import = 2
========================================================================
Received Import Request.
  Time since last request: 0.012542 seconds.
  path: Assets/Tricks/Pincel/V_PPT/Piedra-Tijera/Armature_PPT_20.png
  artifactKey: Guid(32d89f88a9beb6f4ea97ab30715116f0) Importer(815301076,1909f56bfc062723c751e8b465ee728b)
Start importing Assets/Tricks/Pincel/V_PPT/Piedra-Tijera/Armature_PPT_20.png using Guid(32d89f88a9beb6f4ea97ab30715116f0) Importer(815301076,1909f56bfc062723c751e8b465ee728b)  -> (artifact id: '0acc92ee551b5f0eea6b09252b39bf59') in 0.023229 seconds
Number of updated asset objects reloaded before import = 0
Number of asset objects unloaded after import = 3
========================================================================
Received Import Request.
  Time since last request: 0.034927 seconds.
  path: Assets/Tricks/Pincel/V_PPT/Papel-Piedra/Armature_PPT_21.png
  artifactKey: Guid(db9aa7490f35a124c81d7528d4c0d15b) Importer(815301076,1909f56bfc062723c751e8b465ee728b)
Start importing Assets/Tricks/Pincel/V_PPT/Papel-Piedra/Armature_PPT_21.png using Guid(db9aa7490f35a124c81d7528d4c0d15b) Importer(815301076,1909f56bfc062723c751e8b465ee728b)  -> (artifact id: '5269d4224a735093d1a20e7b72306f92') in 0.019968 seconds
Number of updated asset objects reloaded before import = 0
Number of asset objects unloaded after import = 3
========================================================================
Received Prepare
Begin MonoManager ReloadAssembly
Symbol file LoadedFromMemory doesn't match image C:\Users\PC\Desktop\Lost-Gamble\Library\PackageCache\com.unity.visualscripting@1.8.0\Editor\VisualScripting.Core\Dependencies\YamlDotNet\Unity.VisualScripting.YamlDotNet.dll
Symbol file LoadedFromMemory doesn't match image C:\Users\PC\Desktop\Lost-Gamble\Library\PackageCache\com.unity.visualscripting@1.8.0\Editor\VisualScripting.Core\Dependencies\DotNetZip\Unity.VisualScripting.IonicZip.dll
- Loaded All Assemblies, in  0.795 seconds
Refreshing native plugins compatible for Editor in 4.85 ms, found 3 plugins.
Native extension for WindowsStandalone target not found
Native extension for Android target not found
Mono: successfully reloaded assembly
- Finished resetting the current domain, in  0.924 seconds
Domain Reload Profiling: 1714ms
	BeginReloadAssembly (156ms)
		ExecutionOrderSort (0ms)
		DisableScriptedObjects (6ms)
		BackupInstance (0ms)
		ReleaseScriptingObjects (0ms)
		CreateAndSetChildDomain (41ms)
	RebuildCommonClasses (35ms)
	RebuildNativeTypeToScriptingClass (13ms)
	initialDomainReloadingComplete (36ms)
	LoadAllAssembliesAndSetupDomain (550ms)
		LoadAssemblies (338ms)
		RebuildTransferFunctionScriptingTraits (0ms)
		AnalyzeDomain (276ms)
			TypeCache.Refresh (268ms)
				TypeCache.ScanAssembly (254ms)
			ScanForSourceGeneratedMonoScriptInfo (0ms)
			ResolveRequiredComponents (8ms)
	FinalizeReload (924ms)
		ReleaseScriptCaches (0ms)
		RebuildScriptCaches (0ms)
		SetupLoadedEditorAssemblies (329ms)
			LogAssemblyErrors (0ms)
			InitializePlatformSupportModulesInManaged (25ms)
			SetLoadedEditorAssemblies (3ms)
			RefreshPlugins (0ms)
			BeforeProcessingInitializeOnLoad (68ms)
			ProcessInitializeOnLoadAttributes (204ms)
			ProcessInitializeOnLoadMethodAttributes (19ms)
			AfterProcessingInitializeOnLoad (10ms)
			EditorAssembliesLoaded (0ms)
		ExecutionOrderSort2 (0ms)
		AwakeInstancesAfterBackupRestoration (6ms)
Refreshing native plugins compatible for Editor in 6.15 ms, found 3 plugins.
Preloading 0 native plugins for Editor in 0.00 ms.
Unloading 3615 Unused Serialized files (Serialized files now loaded: 0)
Unloading 39 unused Assets / (1.3 MB). Loaded Objects now: 4156.
Memory consumption went from 142.8 MB to 141.5 MB.
Total: 4.741000 ms (FindLiveObjects: 0.379600 ms CreateObjectMapping: 0.202800 ms MarkObjects: 3.480300 ms  DeleteObjects: 0.676800 ms)

Prepare: number of updated asset objects reloaded= 0
AssetImportParameters requested are different than current active one (requested -> active):
  custom:container-demuxer-ogg: 62fdf1f143b41e24485cea50d1cbac27 -> 
  custom:video-decoder-ogg-theora: a1e56fd34408186e4bbccfd4996cb3dc -> 
  custom:framework-win-MediaFoundation: 216162199b28c13a410421893ffa2e32 -> 
  custom:CustomObjectIndexerAttribute: 756ad292c208cfabdd7b50bc23989ffe -> 
  custom:container-demuxer-webm: 4f35f7cbe854078d1ac9338744f61a02 -> 
  custom:container-muxer-webm: aa71ff27fc2769a1b78a27578f13a17b -> 
  custom:video-decoder-webm-vp8: 9c59270c3fd7afecdb556c50c9e8de78 -> 
  custom:AudioImporter_EditorPlatform: d09bf68614088b80899f8185d706f6e7 -> 
  custom:video-encoder-webm-vp8: eb34c28f22e8b96e1ab97ce403110664 -> 
  custom:audio-decoder-ogg-vorbis: bf7c407c2cedff20999df2af8eb42d56 -> 
  custom:audio-encoder-webm-vorbis: bf7c407c2cedff20999df2af8eb42d56 -> 
Editor requested this worker to shutdown with reason: Scaling down because of idle timeout
TcpMessagingSession - receive error: operation aborted. errorcode: 995, details: La operación de E/S se anuló por una salida de subproceso o por una solicitud de aplicación.
AssetImportWorker is now disconnected from the server
Process exiting
Exiting without the bug reporter. Application will terminate with return code 0